{"C:\\Users\\mari0\\flashcard-app\\src\\App.tsx": {"path":"C:\\Users\\mari0\\flashcard-app\\src\\App.tsx","statementMap":{"0":{"start":{"line":2,"column":0},"end":{"line":2,"column":56}},"1":{"start":{"line":3,"column":0},"end":{"line":3,"column":45}},"2":{"start":{"line":4,"column":0},"end":{"line":4,"column":47}},"3":{"start":{"line":5,"column":0},"end":{"line":5,"column":49}},"4":{"start":{"line":7,"column":0},"end":{"line":7,"column":58}},"5":{"start":{"line":8,"column":0},"end":{"line":8,"column":71}},"6":{"start":{"line":9,"column":0},"end":{"line":9,"column":70}},"7":{"start":{"line":12,"column":26},"end":{"line":12,"column":86}},"8":{"start":{"line":13,"column":28},"end":{"line":13,"column":75}},"9":{"start":{"line":14,"column":42},"end":{"line":14,"column":92}},"10":{"start":{"line":15,"column":28},"end":{"line":17,"column":4}},"11":{"start":{"line":18,"column":36},"end":{"line":18,"column":76}},"12":{"start":{"line":19,"column":26},"end":{"line":19,"column":82}},"13":{"start":{"line":21,"column":32},"end":{"line":21,"column":87}},"14":{"start":{"line":22,"column":23},"end":{"line":22,"column":67}},"15":{"start":{"line":22,"column":41},"end":{"line":22,"column":66}},"16":{"start":{"line":25,"column":32},"end":{"line":25,"column":47}},"17":{"start":{"line":26,"column":2},"end":{"line":35,"column":9}},"18":{"start":{"line":27,"column":20},"end":{"line":32,"column":5}},"19":{"start":{"line":28,"column":6},"end":{"line":31,"column":7}},"20":{"start":{"line":29,"column":8},"end":{"line":29,"column":27}},"21":{"start":{"line":30,"column":8},"end":{"line":30,"column":34}},"22":{"start":{"line":30,"column":27},"end":{"line":30,"column":32}},"23":{"start":{"line":33,"column":4},"end":{"line":33,"column":48}},"24":{"start":{"line":34,"column":4},"end":{"line":34,"column":64}},"25":{"start":{"line":34,"column":17},"end":{"line":34,"column":63}},"26":{"start":{"line":37,"column":2},"end":{"line":39,"column":21}},"27":{"start":{"line":38,"column":4},"end":{"line":38,"column":67}},"28":{"start":{"line":41,"column":26},"end":{"line":44,"column":3}},"29":{"start":{"line":42,"column":4},"end":{"line":42,"column":62}},"30":{"start":{"line":42,"column":30},"end":{"line":42,"column":62}},"31":{"start":{"line":43,"column":4},"end":{"line":43,"column":21}},"32":{"start":{"line":46,"column":27},"end":{"line":48,"column":3}},"33":{"start":{"line":47,"column":4},"end":{"line":47,"column":28}},"34":{"start":{"line":50,"column":26},"end":{"line":54,"column":3}},"35":{"start":{"line":51,"column":19},"end":{"line":51,"column":59}},"36":{"start":{"line":52,"column":4},"end":{"line":52,"column":31}},"37":{"start":{"line":52,"column":24},"end":{"line":52,"column":31}},"38":{"start":{"line":53,"column":4},"end":{"line":53,"column":21}},"39":{"start":{"line":56,"column":2},"end":{"line":122,"column":4}},"40":{"start":{"line":65,"column":31},"end":{"line":65,"column":64}},"41":{"start":{"line":65,"column":48},"end":{"line":65,"column":63}},"42":{"start":{"line":67,"column":14},"end":{"line":67,"column":74}},"43":{"start":{"line":67,"column":67},"end":{"line":67,"column":74}},"44":{"start":{"line":68,"column":14},"end":{"line":68,"column":61}},"45":{"start":{"line":68,"column":31},"end":{"line":68,"column":59}},"46":{"start":{"line":68,"column":48},"end":{"line":68,"column":58}},"47":{"start":{"line":69,"column":14},"end":{"line":69,"column":68}},"48":{"start":{"line":69,"column":31},"end":{"line":69,"column":66}},"49":{"start":{"line":69,"column":48},"end":{"line":69,"column":65}},"50":{"start":{"line":70,"column":14},"end":{"line":70,"column":103}},"51":{"start":{"line":70,"column":39},"end":{"line":70,"column":100}},"52":{"start":{"line":70,"column":73},"end":{"line":70,"column":83}},"53":{"start":{"line":73,"column":14},"end":{"line":73,"column":76}},"54":{"start":{"line":73,"column":31},"end":{"line":73,"column":75}},"55":{"start":{"line":73,"column":46},"end":{"line":73,"column":73}},"56":{"start":{"line":80,"column":32},"end":{"line":80,"column":49}},"57":{"start":{"line":91,"column":26},"end":{"line":91,"column":41}},"58":{"start":{"line":104,"column":27},"end":{"line":104,"column":39}},"59":{"start":{"line":111,"column":14},"end":{"line":114,"column":16}},"60":{"start":{"line":111,"column":31},"end":{"line":114,"column":16}},"61":{"start":{"line":125,"column":0},"end":{"line":125,"column":19}}},"fnMap":{"0":{"name":"App","decl":{"start":{"line":11,"column":9},"end":{"line":11,"column":12}},"loc":{"start":{"line":11,"column":12},"end":{"line":123,"column":1}}},"1":{"name":"(anonymous_2)","decl":{"start":{"line":22,"column":36},"end":{"line":22,"column":37}},"loc":{"start":{"line":22,"column":41},"end":{"line":22,"column":66}}},"2":{"name":"(anonymous_3)","decl":{"start":{"line":26,"column":12},"end":{"line":26,"column":15}},"loc":{"start":{"line":26,"column":17},"end":{"line":35,"column":3}}},"3":{"name":"(anonymous_4)","decl":{"start":{"line":27,"column":20},"end":{"line":27,"column":21}},"loc":{"start":{"line":27,"column":41},"end":{"line":32,"column":5}}},"4":{"name":"(anonymous_5)","decl":{"start":{"line":30,"column":19},"end":{"line":30,"column":23}},"loc":{"start":{"line":30,"column":27},"end":{"line":30,"column":32}}},"5":{"name":"(anonymous_6)","decl":{"start":{"line":34,"column":11},"end":{"line":34,"column":14}},"loc":{"start":{"line":34,"column":17},"end":{"line":34,"column":63}}},"6":{"name":"(anonymous_7)","decl":{"start":{"line":37,"column":12},"end":{"line":37,"column":15}},"loc":{"start":{"line":37,"column":17},"end":{"line":39,"column":3}}},"7":{"name":"(anonymous_8)","decl":{"start":{"line":41,"column":26},"end":{"line":41,"column":29}},"loc":{"start":{"line":41,"column":31},"end":{"line":44,"column":3}}},"8":{"name":"(anonymous_9)","decl":{"start":{"line":46,"column":27},"end":{"line":46,"column":30}},"loc":{"start":{"line":46,"column":32},"end":{"line":48,"column":3}}},"9":{"name":"(anonymous_10)","decl":{"start":{"line":50,"column":26},"end":{"line":50,"column":29}},"loc":{"start":{"line":50,"column":31},"end":{"line":54,"column":3}}},"10":{"name":"(anonymous_11)","decl":{"start":{"line":65,"column":23},"end":{"line":65,"column":27}},"loc":{"start":{"line":65,"column":31},"end":{"line":65,"column":64}}},"11":{"name":"(anonymous_12)","decl":{"start":{"line":65,"column":40},"end":{"line":65,"column":44}},"loc":{"start":{"line":65,"column":48},"end":{"line":65,"column":63}}},"12":{"name":"(anonymous_13)","decl":{"start":{"line":66,"column":26},"end":{"line":66,"column":30}},"loc":{"start":{"line":66,"column":33},"end":{"line":71,"column":13}}},"13":{"name":"(anonymous_14)","decl":{"start":{"line":68,"column":23},"end":{"line":68,"column":27}},"loc":{"start":{"line":68,"column":31},"end":{"line":68,"column":59}}},"14":{"name":"(anonymous_15)","decl":{"start":{"line":68,"column":43},"end":{"line":68,"column":44}},"loc":{"start":{"line":68,"column":48},"end":{"line":68,"column":58}}},"15":{"name":"(anonymous_16)","decl":{"start":{"line":69,"column":23},"end":{"line":69,"column":27}},"loc":{"start":{"line":69,"column":31},"end":{"line":69,"column":66}}},"16":{"name":"(anonymous_17)","decl":{"start":{"line":69,"column":43},"end":{"line":69,"column":44}},"loc":{"start":{"line":69,"column":48},"end":{"line":69,"column":65}}},"17":{"name":"(anonymous_18)","decl":{"start":{"line":70,"column":30},"end":{"line":70,"column":34}},"loc":{"start":{"line":70,"column":39},"end":{"line":70,"column":100}}},"18":{"name":"(anonymous_19)","decl":{"start":{"line":70,"column":68},"end":{"line":70,"column":69}},"loc":{"start":{"line":70,"column":73},"end":{"line":70,"column":83}}},"19":{"name":"(anonymous_20)","decl":{"start":{"line":72,"column":26},"end":{"line":72,"column":27}},"loc":{"start":{"line":73,"column":14},"end":{"line":73,"column":76}}},"20":{"name":"(anonymous_21)","decl":{"start":{"line":73,"column":23},"end":{"line":73,"column":27}},"loc":{"start":{"line":73,"column":31},"end":{"line":73,"column":75}}},"21":{"name":"(anonymous_22)","decl":{"start":{"line":73,"column":40},"end":{"line":73,"column":41}},"loc":{"start":{"line":73,"column":46},"end":{"line":73,"column":73}}},"22":{"name":"(anonymous_23)","decl":{"start":{"line":80,"column":26},"end":{"line":80,"column":29}},"loc":{"start":{"line":80,"column":32},"end":{"line":80,"column":49}}},"23":{"name":"(anonymous_24)","decl":{"start":{"line":91,"column":20},"end":{"line":91,"column":23}},"loc":{"start":{"line":91,"column":26},"end":{"line":91,"column":41}}},"24":{"name":"(anonymous_25)","decl":{"start":{"line":104,"column":21},"end":{"line":104,"column":24}},"loc":{"start":{"line":104,"column":27},"end":{"line":104,"column":39}}},"25":{"name":"(anonymous_26)","decl":{"start":{"line":110,"column":21},"end":{"line":110,"column":24}},"loc":{"start":{"line":111,"column":14},"end":{"line":114,"column":16}}},"26":{"name":"(anonymous_27)","decl":{"start":{"line":111,"column":23},"end":{"line":111,"column":27}},"loc":{"start":{"line":111,"column":31},"end":{"line":114,"column":16}}}},"branchMap":{"0":{"loc":{"start":{"line":28,"column":6},"end":{"line":31,"column":7}},"type":"if","locations":[{"start":{"line":28,"column":6},"end":{"line":31,"column":7}},{"start":{},"end":{}}]},"1":{"loc":{"start":{"line":28,"column":10},"end":{"line":28,"column":50}},"type":"binary-expr","locations":[{"start":{"line":28,"column":10},"end":{"line":28,"column":19}},{"start":{"line":28,"column":23},"end":{"line":28,"column":50}}]},"2":{"loc":{"start":{"line":42,"column":4},"end":{"line":42,"column":62}},"type":"if","locations":[{"start":{"line":42,"column":4},"end":{"line":42,"column":62}},{"start":{},"end":{}}]},"3":{"loc":{"start":{"line":52,"column":4},"end":{"line":52,"column":31}},"type":"if","locations":[{"start":{"line":52,"column":4},"end":{"line":52,"column":31}},{"start":{},"end":{}}]},"4":{"loc":{"start":{"line":59,"column":9},"end":{"line":81,"column":null}},"type":"binary-expr","locations":[{"start":{"line":59,"column":9},"end":{"line":59,"column":24}},{"start":{"line":60,"column":10},"end":{"line":80,"column":null}}]},"5":{"loc":{"start":{"line":67,"column":14},"end":{"line":67,"column":74}},"type":"if","locations":[{"start":{"line":67,"column":14},"end":{"line":67,"column":74}},{"start":{},"end":{}}]},"6":{"loc":{"start":{"line":70,"column":39},"end":{"line":70,"column":100}},"type":"cond-expr","locations":[{"start":{"line":70,"column":55},"end":{"line":70,"column":93}},{"start":{"line":70,"column":96},"end":{"line":70,"column":100}}]},"7":{"loc":{"start":{"line":70,"column":55},"end":{"line":70,"column":93}},"type":"binary-expr","locations":[{"start":{"line":70,"column":55},"end":{"line":70,"column":87}},{"start":{"line":70,"column":91},"end":{"line":70,"column":93}}]},"8":{"loc":{"start":{"line":73,"column":46},"end":{"line":73,"column":73}},"type":"cond-expr","locations":[{"start":{"line":73,"column":62},"end":{"line":73,"column":69}},{"start":{"line":73,"column":72},"end":{"line":73,"column":73}}]},"9":{"loc":{"start":{"line":84,"column":9},"end":{"line":93,"column":null}},"type":"binary-expr","locations":[{"start":{"line":84,"column":9},"end":{"line":84,"column":25}},{"start":{"line":85,"column":10},"end":{"line":92,"column":null}}]},"10":{"loc":{"start":{"line":96,"column":9},"end":{"line":96,"column":62}},"type":"binary-expr","locations":[{"start":{"line":96,"column":9},"end":{"line":96,"column":26}},{"start":{"line":96,"column":30},"end":{"line":96,"column":62}}]},"11":{"loc":{"start":{"line":99,"column":7},"end":{"line":119,"column":null}},"type":"binary-expr","locations":[{"start":{"line":99,"column":7},"end":{"line":99,"column":14}},{"start":{"line":100,"column":8},"end":{"line":118,"column":null}}]}},"s":{"0":1,"1":1,"2":1,"3":1,"4":1,"5":1,"6":1,"7":8,"8":8,"9":8,"10":8,"11":8,"12":8,"13":8,"14":8,"15":8,"16":8,"17":8,"18":4,"19":0,"20":0,"21":0,"22":0,"23":4,"24":4,"25":4,"26":8,"27":4,"28":8,"29":0,"30":0,"31":0,"32":8,"33":0,"34":8,"35":0,"36":0,"37":0,"38":0,"39":8,"40":0,"41":0,"42":0,"43":0,"44":0,"45":0,"46":0,"47":0,"48":0,"49":0,"50":0,"51":0,"52":0,"53":0,"54":0,"55":0,"56":0,"57":0,"58":0,"59":0,"60":0,"61":1},"f":{"0":8,"1":8,"2":4,"3":0,"4":0,"5":4,"6":4,"7":0,"8":0,"9":0,"10":0,"11":0,"12":0,"13":0,"14":0,"15":0,"16":0,"17":0,"18":0,"19":0,"20":0,"21":0,"22":0,"23":0,"24":0,"25":0,"26":0},"b":{"0":[0,0],"1":[0,0],"2":[0,0],"3":[0,0],"4":[8,8],"5":[0,0],"6":[0,0],"7":[0,0],"8":[0,0],"9":[8,0],"10":[8,0],"11":[8,0]}}
,"C:\\Users\\mari0\\flashcard-app\\src\\components\\CardList.tsx": {"path":"C:\\Users\\mari0\\flashcard-app\\src\\components\\CardList.tsx","statementMap":{"0":{"start":{"line":17,"column":0},"end":{"line":17,"column":24}},"1":{"start":{"line":29,"column":2},"end":{"line":100,"column":4}},"2":{"start":{"line":32,"column":8},"end":{"line":33,"column":null}},"3":{"start":{"line":35,"column":25},"end":{"line":35,"column":38}},"4":{"start":{"line":44,"column":64},"end":{"line":44,"column":83}},"5":{"start":{"line":48,"column":20},"end":{"line":49,"column":null}},"6":{"start":{"line":52,"column":39},"end":{"line":52,"column":75}},"7":{"start":{"line":59,"column":40},"end":{"line":59,"column":60}},"8":{"start":{"line":59,"column":61},"end":{"line":59,"column":89}},"9":{"start":{"line":65,"column":40},"end":{"line":65,"column":60}},"10":{"start":{"line":65,"column":61},"end":{"line":65,"column":76}},"11":{"start":{"line":82,"column":40},"end":{"line":82,"column":60}},"12":{"start":{"line":82,"column":61},"end":{"line":82,"column":84}},"13":{"start":{"line":88,"column":40},"end":{"line":88,"column":60}},"14":{"start":{"line":88,"column":61},"end":{"line":88,"column":75}}},"fnMap":{"0":{"name":"CardList","decl":{"start":{"line":17,"column":24},"end":{"line":17,"column":32}},"loc":{"start":{"line":28,"column":8},"end":{"line":101,"column":1}}},"1":{"name":"(anonymous_1)","decl":{"start":{"line":31,"column":17},"end":{"line":31,"column":18}},"loc":{"start":{"line":32,"column":8},"end":{"line":33,"column":null}}},"2":{"name":"(anonymous_2)","decl":{"start":{"line":35,"column":19},"end":{"line":35,"column":22}},"loc":{"start":{"line":35,"column":25},"end":{"line":35,"column":38}}},"3":{"name":"(anonymous_3)","decl":{"start":{"line":44,"column":57},"end":{"line":44,"column":58}},"loc":{"start":{"line":44,"column":64},"end":{"line":44,"column":83}}},"4":{"name":"(anonymous_4)","decl":{"start":{"line":47,"column":24},"end":{"line":47,"column":25}},"loc":{"start":{"line":48,"column":20},"end":{"line":49,"column":null}}},"5":{"name":"(anonymous_5)","decl":{"start":{"line":52,"column":32},"end":{"line":52,"column":33}},"loc":{"start":{"line":52,"column":39},"end":{"line":52,"column":75}}},"6":{"name":"(anonymous_6)","decl":{"start":{"line":59,"column":31},"end":{"line":59,"column":32}},"loc":{"start":{"line":59,"column":37},"end":{"line":59,"column":91}}},"7":{"name":"(anonymous_7)","decl":{"start":{"line":65,"column":31},"end":{"line":65,"column":32}},"loc":{"start":{"line":65,"column":37},"end":{"line":65,"column":78}}},"8":{"name":"(anonymous_8)","decl":{"start":{"line":82,"column":31},"end":{"line":82,"column":32}},"loc":{"start":{"line":82,"column":37},"end":{"line":82,"column":86}}},"9":{"name":"(anonymous_9)","decl":{"start":{"line":88,"column":31},"end":{"line":88,"column":32}},"loc":{"start":{"line":88,"column":37},"end":{"line":88,"column":77}}}},"branchMap":{"0":{"loc":{"start":{"line":41,"column":11},"end":{"line":95,"column":null}},"type":"binary-expr","locations":[{"start":{"line":41,"column":11},"end":{"line":41,"column":29}},{"start":{"line":42,"column":12},"end":{"line":94,"column":null}}]},"1":{"loc":{"start":{"line":43,"column":15},"end":{"line":93,"column":null}},"type":"cond-expr","locations":[{"start":{"line":44,"column":16},"end":{"line":70,"column":null}},{"start":{"line":73,"column":16},"end":{"line":92,"column":null}}]},"2":{"loc":{"start":{"line":43,"column":15},"end":{"line":43,"column":49}},"type":"binary-expr","locations":[{"start":{"line":43,"column":15},"end":{"line":43,"column":35}},{"start":{"line":43,"column":39},"end":{"line":43,"column":49}}]},"3":{"loc":{"start":{"line":51,"column":30},"end":{"line":51,"column":63}},"type":"binary-expr","locations":[{"start":{"line":51,"column":30},"end":{"line":51,"column":57}},{"start":{"line":51,"column":61},"end":{"line":51,"column":63}}]},"4":{"loc":{"start":{"line":75,"column":19},"end":{"line":75,"column":91}},"type":"binary-expr","locations":[{"start":{"line":75,"column":19},"end":{"line":75,"column":38}},{"start":{"line":75,"column":42},"end":{"line":75,"column":91}}]},"5":{"loc":{"start":{"line":76,"column":46},"end":{"line":76,"column":74}},"type":"binary-expr","locations":[{"start":{"line":76,"column":46},"end":{"line":76,"column":67}},{"start":{"line":76,"column":71},"end":{"line":76,"column":74}}]}},"s":{"0":3,"1":8,"2":16,"3":1,"4":0,"5":18,"6":1,"7":1,"8":1,"9":1,"10":1,"11":1,"12":1,"13":1,"14":1},"f":{"0":8,"1":16,"2":1,"3":0,"4":18,"5":1,"6":1,"7":1,"8":1,"9":1},"b":{"0":[16,5],"1":[3,2],"2":[5,3],"3":[18,0],"4":[2,2],"5":[2,0]}}
,"C:\\Users\\mari0\\flashcard-app\\src\\components\\CardSingle.tsx": {"path":"C:\\Users\\mari0\\flashcard-app\\src\\components\\CardSingle.tsx","statementMap":{"0":{"start":{"line":14,"column":0},"end":{"line":14,"column":24}},"1":{"start":{"line":23,"column":2},"end":{"line":75,"column":4}}},"fnMap":{"0":{"name":"CardSingle","decl":{"start":{"line":14,"column":24},"end":{"line":14,"column":34}},"loc":{"start":{"line":22,"column":8},"end":{"line":76,"column":1}}}},"branchMap":{"0":{"loc":{"start":{"line":30,"column":9},"end":{"line":53,"column":null}},"type":"cond-expr","locations":[{"start":{"line":31,"column":10},"end":{"line":32,"column":null}},{"start":{"line":35,"column":10},"end":{"line":52,"column":null}}]},"1":{"loc":{"start":{"line":39,"column":13},"end":{"line":42,"column":null}},"type":"binary-expr","locations":[{"start":{"line":39,"column":13},"end":{"line":39,"column":32}},{"start":{"line":40,"column":14},"end":{"line":41,"column":null}}]},"2":{"loc":{"start":{"line":45,"column":39},"end":{"line":45,"column":67}},"type":"binary-expr","locations":[{"start":{"line":45,"column":39},"end":{"line":45,"column":60}},{"start":{"line":45,"column":64},"end":{"line":45,"column":67}}]}},"s":{"0":3,"1":6},"f":{"0":6},"b":{"0":[5,1],"1":[1,1],"2":[1,0]}}
,"C:\\Users\\mari0\\flashcard-app\\src\\components\\CardsView.tsx": {"path":"C:\\Users\\mari0\\flashcard-app\\src\\components\\CardsView.tsx","statementMap":{"0":{"start":{"line":2,"column":0},"end":{"line":2,"column":41}},"1":{"start":{"line":4,"column":0},"end":{"line":4,"column":38}},"2":{"start":{"line":5,"column":0},"end":{"line":5,"column":34}},"3":{"start":{"line":24,"column":35},"end":{"line":151,"column":1}},"4":{"start":{"line":33,"column":16},"end":{"line":33,"column":35}},"5":{"start":{"line":34,"column":22},"end":{"line":34,"column":58}},"6":{"start":{"line":36,"column":2},"end":{"line":38,"column":36}},"7":{"start":{"line":37,"column":4},"end":{"line":37,"column":44}},"8":{"start":{"line":37,"column":35},"end":{"line":37,"column":44}},"9":{"start":{"line":40,"column":2},"end":{"line":40,"column":32}},"10":{"start":{"line":40,"column":20},"end":{"line":40,"column":32}},"11":{"start":{"line":42,"column":21},"end":{"line":42,"column":90}},"12":{"start":{"line":42,"column":27},"end":{"line":42,"column":90}},"13":{"start":{"line":44,"column":17},"end":{"line":49,"column":6}},"14":{"start":{"line":45,"column":4},"end":{"line":49,"column":6}},"15":{"start":{"line":51,"column":17},"end":{"line":56,"column":6}},"16":{"start":{"line":52,"column":4},"end":{"line":56,"column":6}},"17":{"start":{"line":58,"column":27},"end":{"line":58,"column":65}},"18":{"start":{"line":58,"column":33},"end":{"line":58,"column":65}},"19":{"start":{"line":59,"column":25},"end":{"line":62,"column":3}},"20":{"start":{"line":60,"column":4},"end":{"line":60,"column":67}},"21":{"start":{"line":60,"column":23},"end":{"line":60,"column":65}},"22":{"start":{"line":60,"column":43},"end":{"line":60,"column":63}},"23":{"start":{"line":61,"column":4},"end":{"line":61,"column":35}},"24":{"start":{"line":63,"column":23},"end":{"line":67,"column":3}},"25":{"start":{"line":64,"column":4},"end":{"line":64,"column":42}},"26":{"start":{"line":64,"column":35},"end":{"line":64,"column":42}},"27":{"start":{"line":65,"column":4},"end":{"line":65,"column":57}},"28":{"start":{"line":65,"column":23},"end":{"line":65,"column":55}},"29":{"start":{"line":65,"column":45},"end":{"line":65,"column":54}},"30":{"start":{"line":66,"column":4},"end":{"line":66,"column":37}},"31":{"start":{"line":69,"column":28},"end":{"line":73,"column":3}},"32":{"start":{"line":70,"column":4},"end":{"line":72,"column":5}},"33":{"start":{"line":71,"column":6},"end":{"line":71,"column":58}},"34":{"start":{"line":75,"column":27},"end":{"line":78,"column":3}},"35":{"start":{"line":76,"column":4},"end":{"line":76,"column":21}},"36":{"start":{"line":77,"column":4},"end":{"line":77,"column":74}},"37":{"start":{"line":80,"column":26},"end":{"line":80,"column":82}},"38":{"start":{"line":82,"column":2},"end":{"line":150,"column":4}},"39":{"start":{"line":97,"column":29},"end":{"line":97,"column":82}},"40":{"start":{"line":140,"column":31},"end":{"line":140,"column":75}},"41":{"start":{"line":141,"column":40},"end":{"line":141,"column":89}},"42":{"start":{"line":153,"column":0},"end":{"line":153,"column":25}}},"fnMap":{"0":{"name":"(anonymous_10)","decl":{"start":{"line":24,"column":35},"end":{"line":24,"column":36}},"loc":{"start":{"line":32,"column":5},"end":{"line":151,"column":1}}},"1":{"name":"(anonymous_11)","decl":{"start":{"line":36,"column":12},"end":{"line":36,"column":15}},"loc":{"start":{"line":36,"column":17},"end":{"line":38,"column":3}}},"2":{"name":"(anonymous_12)","decl":{"start":{"line":42,"column":21},"end":{"line":42,"column":24}},"loc":{"start":{"line":42,"column":27},"end":{"line":42,"column":90}}},"3":{"name":"(anonymous_13)","decl":{"start":{"line":44,"column":17},"end":{"line":44,"column":20}},"loc":{"start":{"line":45,"column":4},"end":{"line":49,"column":6}}},"4":{"name":"(anonymous_14)","decl":{"start":{"line":51,"column":17},"end":{"line":51,"column":20}},"loc":{"start":{"line":52,"column":4},"end":{"line":56,"column":6}}},"5":{"name":"(anonymous_15)","decl":{"start":{"line":58,"column":27},"end":{"line":58,"column":30}},"loc":{"start":{"line":58,"column":33},"end":{"line":58,"column":65}}},"6":{"name":"(anonymous_16)","decl":{"start":{"line":59,"column":25},"end":{"line":59,"column":26}},"loc":{"start":{"line":59,"column":58},"end":{"line":62,"column":3}}},"7":{"name":"(anonymous_17)","decl":{"start":{"line":60,"column":13},"end":{"line":60,"column":14}},"loc":{"start":{"line":60,"column":23},"end":{"line":60,"column":65}}},"8":{"name":"(anonymous_18)","decl":{"start":{"line":60,"column":32},"end":{"line":60,"column":33}},"loc":{"start":{"line":60,"column":43},"end":{"line":60,"column":63}}},"9":{"name":"(anonymous_19)","decl":{"start":{"line":63,"column":23},"end":{"line":63,"column":24}},"loc":{"start":{"line":63,"column":39},"end":{"line":67,"column":3}}},"10":{"name":"(anonymous_20)","decl":{"start":{"line":65,"column":13},"end":{"line":65,"column":14}},"loc":{"start":{"line":65,"column":23},"end":{"line":65,"column":55}}},"11":{"name":"(anonymous_21)","decl":{"start":{"line":65,"column":35},"end":{"line":65,"column":36}},"loc":{"start":{"line":65,"column":45},"end":{"line":65,"column":54}}},"12":{"name":"(anonymous_22)","decl":{"start":{"line":69,"column":28},"end":{"line":69,"column":29}},"loc":{"start":{"line":69,"column":70},"end":{"line":73,"column":3}}},"13":{"name":"(anonymous_23)","decl":{"start":{"line":75,"column":27},"end":{"line":75,"column":28}},"loc":{"start":{"line":75,"column":58},"end":{"line":78,"column":3}}},"14":{"name":"(anonymous_24)","decl":{"start":{"line":97,"column":22},"end":{"line":97,"column":23}},"loc":{"start":{"line":97,"column":29},"end":{"line":97,"column":82}}},"15":{"name":"(anonymous_25)","decl":{"start":{"line":140,"column":22},"end":{"line":140,"column":23}},"loc":{"start":{"line":140,"column":31},"end":{"line":140,"column":75}}},"16":{"name":"(anonymous_26)","decl":{"start":{"line":141,"column":25},"end":{"line":141,"column":26}},"loc":{"start":{"line":141,"column":40},"end":{"line":141,"column":89}}}},"branchMap":{"0":{"loc":{"start":{"line":37,"column":4},"end":{"line":37,"column":44}},"type":"if","locations":[{"start":{"line":37,"column":4},"end":{"line":37,"column":44}},{"start":{},"end":{}}]},"1":{"loc":{"start":{"line":40,"column":2},"end":{"line":40,"column":32}},"type":"if","locations":[{"start":{"line":40,"column":2},"end":{"line":40,"column":32}},{"start":{},"end":{}}]},"2":{"loc":{"start":{"line":47,"column":13},"end":{"line":47,"column":85}},"type":"cond-expr","locations":[{"start":{"line":47,"column":47},"end":{"line":47,"column":73}},{"start":{"line":47,"column":76},"end":{"line":47,"column":85}}]},"3":{"loc":{"start":{"line":54,"column":13},"end":{"line":54,"column":80}},"type":"cond-expr","locations":[{"start":{"line":54,"column":50},"end":{"line":54,"column":76}},{"start":{"line":54,"column":79},"end":{"line":54,"column":80}}]},"4":{"loc":{"start":{"line":60,"column":43},"end":{"line":60,"column":63}},"type":"cond-expr","locations":[{"start":{"line":60,"column":55},"end":{"line":60,"column":59}},{"start":{"line":60,"column":62},"end":{"line":60,"column":63}}]},"5":{"loc":{"start":{"line":64,"column":4},"end":{"line":64,"column":42}},"type":"if","locations":[{"start":{"line":64,"column":4},"end":{"line":64,"column":42}},{"start":{},"end":{}}]},"6":{"loc":{"start":{"line":70,"column":4},"end":{"line":72,"column":5}},"type":"if","locations":[{"start":{"line":70,"column":4},"end":{"line":72,"column":5}},{"start":{},"end":{}}]},"7":{"loc":{"start":{"line":80,"column":26},"end":{"line":80,"column":82}},"type":"cond-expr","locations":[{"start":{"line":80,"column":34},"end":{"line":80,"column":78}},{"start":{"line":80,"column":81},"end":{"line":80,"column":82}}]},"8":{"loc":{"start":{"line":107,"column":7},"end":{"line":129,"column":null}},"type":"binary-expr","locations":[{"start":{"line":107,"column":7},"end":{"line":107,"column":24}},{"start":{"line":107,"column":28},"end":{"line":107,"column":39}},{"start":{"line":108,"column":8},"end":{"line":128,"column":null}}]},"9":{"loc":{"start":{"line":133,"column":7},"end":{"line":147,"column":null}},"type":"binary-expr","locations":[{"start":{"line":133,"column":7},"end":{"line":133,"column":22}},{"start":{"line":134,"column":8},"end":{"line":146,"column":null}}]}},"s":{"0":2,"1":2,"2":2,"3":2,"4":4,"5":4,"6":4,"7":4,"8":1,"9":4,"10":1,"11":3,"12":0,"13":3,"14":0,"15":3,"16":0,"17":3,"18":0,"19":3,"20":0,"21":0,"22":0,"23":0,"24":3,"25":0,"26":0,"27":0,"28":0,"29":0,"30":0,"31":3,"32":0,"33":0,"34":3,"35":1,"36":1,"37":3,"38":3,"39":1,"40":0,"41":0,"42":2},"f":{"0":4,"1":4,"2":0,"3":0,"4":0,"5":0,"6":0,"7":0,"8":0,"9":0,"10":0,"11":0,"12":0,"13":1,"14":1,"15":0,"16":0},"b":{"0":[1,3],"1":[1,3],"2":[0,0],"3":[0,0],"4":[0,0],"5":[0,0],"6":[0,0],"7":[3,0],"8":[3,2,2],"9":[3,1]}}
,"C:\\Users\\mari0\\flashcard-app\\src\\components\\DeckManager.tsx": {"path":"C:\\Users\\mari0\\flashcard-app\\src\\components\\DeckManager.tsx","statementMap":{"0":{"start":{"line":14,"column":0},"end":{"line":14,"column":24}},"1":{"start":{"line":1,"column":0},"end":{"line":1,"column":33}},"2":{"start":{"line":23,"column":40},"end":{"line":23,"column":69}},"3":{"start":{"line":24,"column":34},"end":{"line":24,"column":46}},"4":{"start":{"line":26,"column":27},"end":{"line":26,"column":90}},"5":{"start":{"line":26,"column":45},"end":{"line":26,"column":90}},"6":{"start":{"line":26,"column":65},"end":{"line":26,"column":82}},"7":{"start":{"line":28,"column":2},"end":{"line":110,"column":4}},"8":{"start":{"line":34,"column":25},"end":{"line":34,"column":49}},"9":{"start":{"line":38,"column":10},"end":{"line":38,"column":29}},"10":{"start":{"line":46,"column":10},"end":{"line":46,"column":26}},"11":{"start":{"line":52,"column":35},"end":{"line":52,"column":62}},"12":{"start":{"line":54,"column":20},"end":{"line":61,"column":21}},"13":{"start":{"line":55,"column":22},"end":{"line":58,"column":23}},"14":{"start":{"line":56,"column":24},"end":{"line":56,"column":56}},"15":{"start":{"line":57,"column":24},"end":{"line":57,"column":45}},"16":{"start":{"line":59,"column":27},"end":{"line":61,"column":21}},"17":{"start":{"line":60,"column":22},"end":{"line":60,"column":43}},"18":{"start":{"line":67,"column":33},"end":{"line":67,"column":53}},"19":{"start":{"line":80,"column":20},"end":{"line":80,"column":41}},"20":{"start":{"line":81,"column":20},"end":{"line":81,"column":38}},"21":{"start":{"line":89,"column":20},"end":{"line":89,"column":69}},"22":{"start":{"line":89,"column":54},"end":{"line":89,"column":69}},"23":{"start":{"line":101,"column":25},"end":{"line":101,"column":66}},"24":{"start":{"line":102,"column":12},"end":{"line":102,"column":34}},"25":{"start":{"line":102,"column":22},"end":{"line":102,"column":34}}},"fnMap":{"0":{"name":"DeckManager","decl":{"start":{"line":14,"column":24},"end":{"line":14,"column":35}},"loc":{"start":{"line":22,"column":8},"end":{"line":111,"column":1}}},"1":{"name":"(anonymous_1)","decl":{"start":{"line":26,"column":27},"end":{"line":26,"column":28}},"loc":{"start":{"line":26,"column":45},"end":{"line":26,"column":90}}},"2":{"name":"(anonymous_2)","decl":{"start":{"line":26,"column":58},"end":{"line":26,"column":59}},"loc":{"start":{"line":26,"column":65},"end":{"line":26,"column":82}}},"3":{"name":"(anonymous_3)","decl":{"start":{"line":34,"column":18},"end":{"line":34,"column":19}},"loc":{"start":{"line":34,"column":25},"end":{"line":34,"column":49}}},"4":{"name":"(anonymous_4)","decl":{"start":{"line":37,"column":19},"end":{"line":37,"column":20}},"loc":{"start":{"line":38,"column":10},"end":{"line":38,"column":29}}},"5":{"name":"(anonymous_5)","decl":{"start":{"line":45,"column":19},"end":{"line":45,"column":20}},"loc":{"start":{"line":46,"column":10},"end":{"line":46,"column":26}}},"6":{"name":"(anonymous_6)","decl":{"start":{"line":52,"column":28},"end":{"line":52,"column":29}},"loc":{"start":{"line":52,"column":35},"end":{"line":52,"column":62}}},"7":{"name":"(anonymous_7)","decl":{"start":{"line":53,"column":29},"end":{"line":53,"column":30}},"loc":{"start":{"line":53,"column":35},"end":{"line":62,"column":19}}},"8":{"name":"(anonymous_8)","decl":{"start":{"line":67,"column":27},"end":{"line":67,"column":30}},"loc":{"start":{"line":67,"column":33},"end":{"line":67,"column":53}}},"9":{"name":"(anonymous_9)","decl":{"start":{"line":79,"column":27},"end":{"line":79,"column":30}},"loc":{"start":{"line":79,"column":32},"end":{"line":82,"column":19}}},"10":{"name":"(anonymous_10)","decl":{"start":{"line":88,"column":27},"end":{"line":88,"column":30}},"loc":{"start":{"line":88,"column":32},"end":{"line":90,"column":19}}},"11":{"name":"(anonymous_11)","decl":{"start":{"line":100,"column":19},"end":{"line":100,"column":22}},"loc":{"start":{"line":100,"column":24},"end":{"line":103,"column":11}}}},"branchMap":{"0":{"loc":{"start":{"line":33,"column":15},"end":{"line":33,"column":47}},"type":"binary-expr","locations":[{"start":{"line":33,"column":15},"end":{"line":33,"column":27}},{"start":{"line":33,"column":32},"end":{"line":33,"column":40}},{"start":{"line":33,"column":44},"end":{"line":33,"column":46}}]},"1":{"loc":{"start":{"line":47,"column":13},"end":{"line":94,"column":null}},"type":"cond-expr","locations":[{"start":{"line":48,"column":14},"end":{"line":70,"column":null}},{"start":{"line":73,"column":14},"end":{"line":93,"column":null}}]},"2":{"loc":{"start":{"line":54,"column":20},"end":{"line":61,"column":21}},"type":"if","locations":[{"start":{"line":54,"column":20},"end":{"line":61,"column":21}},{"start":{"line":59,"column":27},"end":{"line":61,"column":21}}]},"3":{"loc":{"start":{"line":55,"column":22},"end":{"line":58,"column":23}},"type":"if","locations":[{"start":{"line":55,"column":22},"end":{"line":58,"column":23}},{"start":{},"end":{}}]},"4":{"loc":{"start":{"line":59,"column":27},"end":{"line":61,"column":21}},"type":"if","locations":[{"start":{"line":59,"column":27},"end":{"line":61,"column":21}},{"start":{},"end":{}}]},"5":{"loc":{"start":{"line":89,"column":20},"end":{"line":89,"column":69}},"type":"if","locations":[{"start":{"line":89,"column":20},"end":{"line":89,"column":69}},{"start":{},"end":{}}]},"6":{"loc":{"start":{"line":101,"column":26},"end":{"line":101,"column":58}},"type":"binary-expr","locations":[{"start":{"line":101,"column":26},"end":{"line":101,"column":52}},{"start":{"line":101,"column":56},"end":{"line":101,"column":58}}]},"7":{"loc":{"start":{"line":102,"column":12},"end":{"line":102,"column":34}},"type":"if","locations":[{"start":{"line":102,"column":12},"end":{"line":102,"column":34}},{"start":{},"end":{}}]}},"s":{"0":3,"1":3,"2":27,"3":27,"4":27,"5":68,"6":88,"7":27,"8":1,"9":36,"10":36,"11":1,"12":2,"13":1,"14":1,"15":1,"16":1,"17":1,"18":1,"19":3,"20":3,"21":1,"22":1,"23":2,"24":2,"25":1},"f":{"0":27,"1":68,"2":88,"3":1,"4":36,"5":36,"6":1,"7":2,"8":1,"9":3,"10":1,"11":2},"b":{"0":[27,2,2],"1":[4,32],"2":[1,1],"3":[1,0],"4":[1,0],"5":[1,0],"6":[2,1],"7":[1,1]}}
,"C:\\Users\\mari0\\flashcard-app\\src\\components\\MenuView.tsx": {"path":"C:\\Users\\mari0\\flashcard-app\\src\\components\\MenuView.tsx","statementMap":{"0":{"start":{"line":2,"column":0},"end":{"line":2,"column":26}},"1":{"start":{"line":3,"column":0},"end":{"line":3,"column":40}},"2":{"start":{"line":22,"column":34},"end":{"line":100,"column":1}},"3":{"start":{"line":37,"column":2},"end":{"line":99,"column":4}},"4":{"start":{"line":63,"column":27},"end":{"line":63,"column":55}},"5":{"start":{"line":102,"column":0},"end":{"line":102,"column":24}}},"fnMap":{"0":{"name":"(anonymous_1)","decl":{"start":{"line":22,"column":34},"end":{"line":22,"column":35}},"loc":{"start":{"line":36,"column":5},"end":{"line":100,"column":1}}},"1":{"name":"(anonymous_2)","decl":{"start":{"line":63,"column":20},"end":{"line":63,"column":21}},"loc":{"start":{"line":63,"column":27},"end":{"line":63,"column":55}}}},"branchMap":{},"s":{"0":2,"1":2,"2":2,"3":11,"4":1,"5":2},"f":{"0":11,"1":1},"b":{}}
,"C:\\Users\\mari0\\flashcard-app\\src\\components\\PromptBlock.tsx": {"path":"C:\\Users\\mari0\\flashcard-app\\src\\components\\PromptBlock.tsx","statementMap":{"0":{"start":{"line":7,"column":0},"end":{"line":7,"column":24}},"1":{"start":{"line":8,"column":2},"end":{"line":40,"column":4}},"2":{"start":{"line":23,"column":27},"end":{"line":23,"column":77}}},"fnMap":{"0":{"name":"PromptBlock","decl":{"start":{"line":7,"column":24},"end":{"line":7,"column":35}},"loc":{"start":{"line":7,"column":81},"end":{"line":41,"column":1}}},"1":{"name":"(anonymous_1)","decl":{"start":{"line":23,"column":21},"end":{"line":23,"column":24}},"loc":{"start":{"line":23,"column":27},"end":{"line":23,"column":77}}}},"branchMap":{"0":{"loc":{"start":{"line":21,"column":14},"end":{"line":21,"column":null}},"type":"cond-expr","locations":[{"start":{"line":21,"column":25},"end":{"line":21,"column":56}},{"start":{"line":21,"column":59},"end":{"line":21,"column":null}}]},"1":{"loc":{"start":{"line":23,"column":27},"end":{"line":23,"column":77}},"type":"binary-expr","locations":[{"start":{"line":23,"column":27},"end":{"line":23,"column":36}},{"start":{"line":23,"column":40},"end":{"line":23,"column":77}}]},"2":{"loc":{"start":{"line":32,"column":14},"end":{"line":32,"column":null}},"type":"cond-expr","locations":[{"start":{"line":32,"column":25},"end":{"line":32,"column":57}},{"start":{"line":32,"column":60},"end":{"line":32,"column":null}}]}},"s":{"0":3,"1":16,"2":1},"f":{"0":16,"1":1},"b":{"0":[2,14],"1":[1,1],"2":[2,14]}}
,"C:\\Users\\mari0\\flashcard-app\\src\\components\\PromptView.tsx": {"path":"C:\\Users\\mari0\\flashcard-app\\src\\components\\PromptView.tsx","statementMap":{"0":{"start":{"line":84,"column":0},"end":{"line":84,"column":24}},"1":{"start":{"line":1,"column":0},"end":{"line":1,"column":33}},"2":{"start":{"line":2,"column":0},"end":{"line":2,"column":40}},"3":{"start":{"line":3,"column":0},"end":{"line":3,"column":50}},"4":{"start":{"line":7,"column":13},"end":{"line":7,"column":37}},"5":{"start":{"line":8,"column":80},"end":{"line":8,"column":82}},"6":{"start":{"line":10,"column":16},"end":{"line":10,"column":17}},"7":{"start":{"line":12,"column":2},"end":{"line":19,"column":3}},"8":{"start":{"line":13,"column":16},"end":{"line":13,"column":20}},"9":{"start":{"line":14,"column":18},"end":{"line":14,"column":25}},"10":{"start":{"line":15,"column":16},"end":{"line":15,"column":34}},"11":{"start":{"line":16,"column":18},"end":{"line":16,"column":65}},"12":{"start":{"line":17,"column":4},"end":{"line":17,"column":50}},"13":{"start":{"line":18,"column":4},"end":{"line":18,"column":18}},"14":{"start":{"line":20,"column":2},"end":{"line":24,"column":3}},"15":{"start":{"line":21,"column":16},"end":{"line":21,"column":35}},"16":{"start":{"line":22,"column":18},"end":{"line":22,"column":65}},"17":{"start":{"line":23,"column":4},"end":{"line":23,"column":72}},"18":{"start":{"line":25,"column":2},"end":{"line":25,"column":16}},"19":{"start":{"line":34,"column":16},"end":{"line":34,"column":47}},"20":{"start":{"line":35,"column":28},"end":{"line":35,"column":30}},"21":{"start":{"line":36,"column":12},"end":{"line":36,"column":13}},"22":{"start":{"line":37,"column":16},"end":{"line":37,"column":17}},"23":{"start":{"line":39,"column":2},"end":{"line":46,"column":3}},"24":{"start":{"line":40,"column":4},"end":{"line":43,"column":5}},"25":{"start":{"line":41,"column":6},"end":{"line":41,"column":28}},"26":{"start":{"line":42,"column":6},"end":{"line":42,"column":14}},"27":{"start":{"line":44,"column":4},"end":{"line":44,"column":19}},"28":{"start":{"line":45,"column":4},"end":{"line":45,"column":20}},"29":{"start":{"line":47,"column":2},"end":{"line":47,"column":47}},"30":{"start":{"line":51,"column":15},"end":{"line":51,"column":89}},"31":{"start":{"line":51,"column":49},"end":{"line":51,"column":86}},"32":{"start":{"line":52,"column":2},"end":{"line":52,"column":29}},"33":{"start":{"line":52,"column":22},"end":{"line":52,"column":27}},"34":{"start":{"line":53,"column":2},"end":{"line":53,"column":14}},"35":{"start":{"line":58,"column":14},"end":{"line":58,"column":null}},"36":{"start":{"line":66,"column":2},"end":{"line":68,"column":3}},"37":{"start":{"line":67,"column":4},"end":{"line":67,"column":41}},"38":{"start":{"line":69,"column":2},"end":{"line":76,"column":3}},"39":{"start":{"line":70,"column":16},"end":{"line":70,"column":48}},"40":{"start":{"line":71,"column":4},"end":{"line":71,"column":26}},"41":{"start":{"line":71,"column":14},"end":{"line":71,"column":26}},"42":{"start":{"line":72,"column":14},"end":{"line":72,"column":36}},"43":{"start":{"line":73,"column":4},"end":{"line":73,"column":43}},"44":{"start":{"line":74,"column":4},"end":{"line":74,"column":21}},"45":{"start":{"line":75,"column":4},"end":{"line":75,"column":13}},"46":{"start":{"line":77,"column":2},"end":{"line":77,"column":14}},"47":{"start":{"line":85,"column":26},"end":{"line":85,"column":38}},"48":{"start":{"line":86,"column":32},"end":{"line":86,"column":54}},"49":{"start":{"line":87,"column":36},"end":{"line":87,"column":65}},"50":{"start":{"line":89,"column":22},"end":{"line":89,"column":73}},"51":{"start":{"line":89,"column":28},"end":{"line":89,"column":73}},"52":{"start":{"line":91,"column":28},"end":{"line":124,"column":3}},"53":{"start":{"line":92,"column":40},"end":{"line":92,"column":42}},"54":{"start":{"line":93,"column":15},"end":{"line":93,"column":16}},"55":{"start":{"line":95,"column":4},"end":{"line":116,"column":7}},"56":{"start":{"line":96,"column":6},"end":{"line":100,"column":8}},"57":{"start":{"line":101,"column":6},"end":{"line":114,"column":8}},"58":{"start":{"line":107,"column":12},"end":{"line":107,"column":28}},"59":{"start":{"line":108,"column":12},"end":{"line":108,"column":58}},"60":{"start":{"line":109,"column":12},"end":{"line":109,"column":50}},"61":{"start":{"line":115,"column":6},"end":{"line":115,"column":17}},"62":{"start":{"line":118,"column":4},"end":{"line":122,"column":6}},"63":{"start":{"line":123,"column":4},"end":{"line":123,"column":17}},"64":{"start":{"line":126,"column":21},"end":{"line":169,"column":3}},"65":{"start":{"line":127,"column":4},"end":{"line":127,"column":23}},"66":{"start":{"line":128,"column":4},"end":{"line":128,"column":35}},"67":{"start":{"line":128,"column":28},"end":{"line":128,"column":35}},"68":{"start":{"line":130,"column":18},"end":{"line":130,"column":63}},"69":{"start":{"line":131,"column":4},"end":{"line":131,"column":23}},"70":{"start":{"line":131,"column":16},"end":{"line":131,"column":23}},"71":{"start":{"line":133,"column":19},"end":{"line":133,"column":20}},"72":{"start":{"line":134,"column":4},"end":{"line":161,"column":5}},"73":{"start":{"line":135,"column":22},"end":{"line":135,"column":65}},"74":{"start":{"line":136,"column":19},"end":{"line":136,"column":72}},"75":{"start":{"line":137,"column":19},"end":{"line":137,"column":51}},"76":{"start":{"line":138,"column":22},"end":{"line":138,"column":51}},"77":{"start":{"line":139,"column":6},"end":{"line":139,"column":45}},"78":{"start":{"line":141,"column":24},"end":{"line":141,"column":39}},"79":{"start":{"line":142,"column":20},"end":{"line":142,"column":87}},"80":{"start":{"line":143,"column":42},"end":{"line":143,"column":46}},"81":{"start":{"line":144,"column":19},"end":{"line":144,"column":27}},"82":{"start":{"line":145,"column":6},"end":{"line":154,"column":7}},"83":{"start":{"line":146,"column":18},"end":{"line":146,"column":43}},"84":{"start":{"line":148,"column":10},"end":{"line":149,"column":57}},"85":{"start":{"line":150,"column":8},"end":{"line":153,"column":9}},"86":{"start":{"line":151,"column":10},"end":{"line":151,"column":22}},"87":{"start":{"line":152,"column":10},"end":{"line":152,"column":24}},"88":{"start":{"line":155,"column":6},"end":{"line":160,"column":7}},"89":{"start":{"line":156,"column":24},"end":{"line":156,"column":58}},"90":{"start":{"line":157,"column":8},"end":{"line":157,"column":65}},"91":{"start":{"line":159,"column":8},"end":{"line":159,"column":31}},"92":{"start":{"line":163,"column":22},"end":{"line":165,"column":null}},"93":{"start":{"line":167,"column":4},"end":{"line":167,"column":26}},"94":{"start":{"line":168,"column":4},"end":{"line":168,"column":23}},"95":{"start":{"line":171,"column":28},"end":{"line":181,"column":3}},"96":{"start":{"line":172,"column":4},"end":{"line":172,"column":62}},"97":{"start":{"line":172,"column":25},"end":{"line":172,"column":62}},"98":{"start":{"line":173,"column":26},"end":{"line":173,"column":28}},"99":{"start":{"line":174,"column":15},"end":{"line":174,"column":16}},"100":{"start":{"line":175,"column":4},"end":{"line":178,"column":5}},"101":{"start":{"line":176,"column":6},"end":{"line":176,"column":38}},"102":{"start":{"line":177,"column":6},"end":{"line":177,"column":17}},"103":{"start":{"line":179,"column":4},"end":{"line":179,"column":31}},"104":{"start":{"line":180,"column":4},"end":{"line":180,"column":52}},"105":{"start":{"line":180,"column":26},"end":{"line":180,"column":34}},"106":{"start":{"line":184,"column":34},"end":{"line":206,"column":11}},"107":{"start":{"line":184,"column":53},"end":{"line":206,"column":11}},"108":{"start":{"line":208,"column":21},"end":{"line":214,"column":3}},"109":{"start":{"line":209,"column":19},"end":{"line":209,"column":38}},"110":{"start":{"line":210,"column":30},"end":{"line":211,"column":null}},"111":{"start":{"line":211,"column":6},"end":{"line":211,"column":36}},"112":{"start":{"line":213,"column":4},"end":{"line":213,"column":31}},"113":{"start":{"line":216,"column":2},"end":{"line":274,"column":4}},"114":{"start":{"line":227,"column":10},"end":{"line":227,"column":34}},"115":{"start":{"line":228,"column":10},"end":{"line":228,"column":25}},"116":{"start":{"line":247,"column":27},"end":{"line":247,"column":45}},"117":{"start":{"line":257,"column":12},"end":{"line":257,"column":27}},"118":{"start":{"line":269,"column":31},"end":{"line":269,"column":46}}},"fnMap":{"0":{"name":"sliceSentencesWithOffsets","decl":{"start":{"line":6,"column":9},"end":{"line":6,"column":34}},"loc":{"start":{"line":6,"column":47},"end":{"line":26,"column":1}}},"1":{"name":"splitBySentenceAndWordCount","decl":{"start":{"line":29,"column":9},"end":{"line":29,"column":36}},"loc":{"start":{"line":32,"column":16},"end":{"line":48,"column":1}}},"2":{"name":"sanitizeMarkers","decl":{"start":{"line":50,"column":9},"end":{"line":50,"column":24}},"loc":{"start":{"line":50,"column":55},"end":{"line":54,"column":1}}},"3":{"name":"(anonymous_4)","decl":{"start":{"line":51,"column":42},"end":{"line":51,"column":43}},"loc":{"start":{"line":51,"column":49},"end":{"line":51,"column":86}}},"4":{"name":"(anonymous_5)","decl":{"start":{"line":52,"column":12},"end":{"line":52,"column":13}},"loc":{"start":{"line":52,"column":22},"end":{"line":52,"column":27}}},"5":{"name":"caretRangeFromPointSafe","decl":{"start":{"line":57,"column":9},"end":{"line":57,"column":32}},"loc":{"start":{"line":57,"column":53},"end":{"line":78,"column":1}}},"6":{"name":"PromptView","decl":{"start":{"line":84,"column":24},"end":{"line":84,"column":34}},"loc":{"start":{"line":84,"column":63},"end":{"line":275,"column":1}}},"7":{"name":"(anonymous_8)","decl":{"start":{"line":89,"column":22},"end":{"line":89,"column":25}},"loc":{"start":{"line":89,"column":28},"end":{"line":89,"column":73}}},"8":{"name":"(anonymous_9)","decl":{"start":{"line":91,"column":28},"end":{"line":91,"column":31}},"loc":{"start":{"line":91,"column":33},"end":{"line":124,"column":3}}},"9":{"name":"(anonymous_10)","decl":{"start":{"line":95,"column":20},"end":{"line":95,"column":21}},"loc":{"start":{"line":95,"column":31},"end":{"line":116,"column":5}}},"10":{"name":"(anonymous_11)","decl":{"start":{"line":106,"column":23},"end":{"line":106,"column":24}},"loc":{"start":{"line":106,"column":29},"end":{"line":110,"column":11}}},"11":{"name":"(anonymous_12)","decl":{"start":{"line":126,"column":21},"end":{"line":126,"column":22}},"loc":{"start":{"line":126,"column":60},"end":{"line":169,"column":3}}},"12":{"name":"(anonymous_13)","decl":{"start":{"line":171,"column":28},"end":{"line":171,"column":41}},"loc":{"start":{"line":171,"column":43},"end":{"line":181,"column":3}}},"13":{"name":"(anonymous_14)","decl":{"start":{"line":180,"column":19},"end":{"line":180,"column":20}},"loc":{"start":{"line":180,"column":26},"end":{"line":180,"column":34}}},"14":{"name":"(anonymous_15)","decl":{"start":{"line":184,"column":34},"end":{"line":184,"column":35}},"loc":{"start":{"line":184,"column":53},"end":{"line":206,"column":11}}},"15":{"name":"(anonymous_16)","decl":{"start":{"line":208,"column":21},"end":{"line":208,"column":24}},"loc":{"start":{"line":208,"column":26},"end":{"line":214,"column":3}}},"16":{"name":"(anonymous_17)","decl":{"start":{"line":210,"column":41},"end":{"line":210,"column":42}},"loc":{"start":{"line":211,"column":6},"end":{"line":211,"column":36}}},"17":{"name":"(anonymous_18)","decl":{"start":{"line":226,"column":18},"end":{"line":226,"column":19}},"loc":{"start":{"line":226,"column":24},"end":{"line":229,"column":9}}},"18":{"name":"(anonymous_19)","decl":{"start":{"line":247,"column":20},"end":{"line":247,"column":21}},"loc":{"start":{"line":247,"column":27},"end":{"line":247,"column":45}}},"19":{"name":"(anonymous_20)","decl":{"start":{"line":256,"column":35},"end":{"line":256,"column":36}},"loc":{"start":{"line":257,"column":12},"end":{"line":257,"column":27}}},"20":{"name":"(anonymous_21)","decl":{"start":{"line":269,"column":25},"end":{"line":269,"column":28}},"loc":{"start":{"line":269,"column":31},"end":{"line":269,"column":46}}}},"branchMap":{"0":{"loc":{"start":{"line":16,"column":19},"end":{"line":16,"column":57}},"type":"binary-expr","locations":[{"start":{"line":16,"column":19},"end":{"line":16,"column":51}},{"start":{"line":16,"column":55},"end":{"line":16,"column":57}}]},"1":{"loc":{"start":{"line":20,"column":2},"end":{"line":24,"column":3}},"type":"if","locations":[{"start":{"line":20,"column":2},"end":{"line":24,"column":3}},{"start":{},"end":{}}]},"2":{"loc":{"start":{"line":22,"column":19},"end":{"line":22,"column":57}},"type":"binary-expr","locations":[{"start":{"line":22,"column":19},"end":{"line":22,"column":51}},{"start":{"line":22,"column":55},"end":{"line":22,"column":57}}]},"3":{"loc":{"start":{"line":31,"column":2},"end":{"line":31,"column":16}},"type":"default-arg","locations":[{"start":{"line":31,"column":13},"end":{"line":31,"column":16}}]},"4":{"loc":{"start":{"line":32,"column":2},"end":{"line":32,"column":16}},"type":"default-arg","locations":[{"start":{"line":32,"column":13},"end":{"line":32,"column":16}}]},"5":{"loc":{"start":{"line":40,"column":4},"end":{"line":43,"column":5}},"type":"if","locations":[{"start":{"line":40,"column":4},"end":{"line":43,"column":5}},{"start":{},"end":{}}]},"6":{"loc":{"start":{"line":40,"column":8},"end":{"line":40,"column":51}},"type":"binary-expr","locations":[{"start":{"line":40,"column":8},"end":{"line":40,"column":32}},{"start":{"line":40,"column":36},"end":{"line":40,"column":51}}]},"7":{"loc":{"start":{"line":66,"column":2},"end":{"line":68,"column":3}},"type":"if","locations":[{"start":{"line":66,"column":2},"end":{"line":68,"column":3}},{"start":{},"end":{}}]},"8":{"loc":{"start":{"line":69,"column":2},"end":{"line":76,"column":3}},"type":"if","locations":[{"start":{"line":69,"column":2},"end":{"line":76,"column":3}},{"start":{},"end":{}}]},"9":{"loc":{"start":{"line":71,"column":4},"end":{"line":71,"column":26}},"type":"if","locations":[{"start":{"line":71,"column":4},"end":{"line":71,"column":26}},{"start":{},"end":{}}]},"10":{"loc":{"start":{"line":128,"column":4},"end":{"line":128,"column":35}},"type":"if","locations":[{"start":{"line":128,"column":4},"end":{"line":128,"column":35}},{"start":{},"end":{}}]},"11":{"loc":{"start":{"line":131,"column":4},"end":{"line":131,"column":23}},"type":"if","locations":[{"start":{"line":131,"column":4},"end":{"line":131,"column":23}},{"start":{},"end":{}}]},"12":{"loc":{"start":{"line":134,"column":4},"end":{"line":161,"column":5}},"type":"if","locations":[{"start":{"line":134,"column":4},"end":{"line":161,"column":5}},{"start":{"line":140,"column":11},"end":{"line":161,"column":5}}]},"13":{"loc":{"start":{"line":138,"column":22},"end":{"line":138,"column":51}},"type":"cond-expr","locations":[{"start":{"line":138,"column":29},"end":{"line":138,"column":47}},{"start":{"line":138,"column":50},"end":{"line":138,"column":51}}]},"14":{"loc":{"start":{"line":148,"column":10},"end":{"line":149,"column":57}},"type":"cond-expr","locations":[{"start":{"line":148,"column":30},"end":{"line":148,"column":47}},{"start":{"line":149,"column":10},"end":{"line":149,"column":57}}]},"15":{"loc":{"start":{"line":149,"column":10},"end":{"line":149,"column":57}},"type":"cond-expr","locations":[{"start":{"line":149,"column":33},"end":{"line":149,"column":53}},{"start":{"line":149,"column":56},"end":{"line":149,"column":57}}]},"16":{"loc":{"start":{"line":150,"column":8},"end":{"line":153,"column":9}},"type":"if","locations":[{"start":{"line":150,"column":8},"end":{"line":153,"column":9}},{"start":{},"end":{}}]},"17":{"loc":{"start":{"line":155,"column":6},"end":{"line":160,"column":7}},"type":"if","locations":[{"start":{"line":155,"column":6},"end":{"line":160,"column":7}},{"start":{"line":158,"column":13},"end":{"line":160,"column":7}}]},"18":{"loc":{"start":{"line":157,"column":19},"end":{"line":157,"column":64}},"type":"cond-expr","locations":[{"start":{"line":157,"column":29},"end":{"line":157,"column":50}},{"start":{"line":157,"column":53},"end":{"line":157,"column":64}}]},"19":{"loc":{"start":{"line":172,"column":4},"end":{"line":172,"column":62}},"type":"if","locations":[{"start":{"line":172,"column":4},"end":{"line":172,"column":62}},{"start":{},"end":{}}]},"20":{"loc":{"start":{"line":254,"column":7},"end":{"line":265,"column":null}},"type":"binary-expr","locations":[{"start":{"line":254,"column":7},"end":{"line":254,"column":37}},{"start":{"line":255,"column":8},"end":{"line":264,"column":null}}]}},"s":{"0":2,"1":2,"2":2,"3":2,"4":7,"5":7,"6":7,"7":7,"8":7,"9":7,"10":7,"11":7,"12":7,"13":7,"14":7,"15":2,"16":2,"17":2,"18":7,"19":7,"20":7,"21":7,"22":7,"23":7,"24":9,"25":0,"26":0,"27":9,"28":9,"29":7,"30":7,"31":0,"32":7,"33":0,"34":7,"35":0,"36":0,"37":0,"38":0,"39":0,"40":0,"41":0,"42":0,"43":0,"44":0,"45":0,"46":0,"47":25,"48":25,"49":25,"50":25,"51":7,"52":25,"53":25,"54":25,"55":25,"56":0,"57":0,"58":0,"59":0,"60":0,"61":0,"62":25,"63":25,"64":25,"65":0,"66":0,"67":0,"68":0,"69":0,"70":0,"71":0,"72":0,"73":0,"74":0,"75":0,"76":0,"77":0,"78":0,"79":0,"80":0,"81":0,"82":0,"83":0,"84":0,"85":0,"86":0,"87":0,"88":0,"89":0,"90":0,"91":0,"92":0,"93":0,"94":0,"95":25,"96":37,"97":37,"98":0,"99":0,"100":0,"101":0,"102":0,"103":0,"104":0,"105":0,"106":25,"107":12,"108":25,"109":1,"110":1,"111":1,"112":1,"113":25,"114":8,"115":8,"116":0,"117":11,"118":1},"f":{"0":7,"1":7,"2":7,"3":0,"4":0,"5":0,"6":25,"7":7,"8":25,"9":0,"10":0,"11":0,"12":37,"13":0,"14":12,"15":1,"16":1,"17":8,"18":0,"19":11,"20":1},"b":{"0":[7,0],"1":[2,5],"2":[2,2],"3":[7],"4":[7],"5":[0,9],"6":[9,1],"7":[0,0],"8":[0,0],"9":[0,0],"10":[0,0],"11":[0,0],"12":[0,0],"13":[0,0],"14":[0,0],"15":[0,0],"16":[0,0],"17":[0,0],"18":[0,0],"19":[37,0],"20":[25,11]}}
,"C:\\Users\\mari0\\flashcard-app\\src\\components\\savePrompts.ts": {"path":"C:\\Users\\mari0\\flashcard-app\\src\\components\\savePrompts.ts","statementMap":{"0":{"start":{"line":1,"column":0},"end":{"line":1,"column":16}},"1":{"start":{"line":2,"column":14},"end":{"line":2,"column":24}},"2":{"start":{"line":3,"column":19},"end":{"line":7,"column":71}},"3":{"start":{"line":9,"column":18},"end":{"line":11,"column":17}},"4":{"start":{"line":10,"column":19},"end":{"line":10,"column":50}},"5":{"start":{"line":13,"column":15},"end":{"line":13,"column":58}},"6":{"start":{"line":14,"column":14},"end":{"line":14,"column":39}},"7":{"start":{"line":16,"column":12},"end":{"line":16,"column":39}},"8":{"start":{"line":17,"column":2},"end":{"line":17,"column":15}},"9":{"start":{"line":18,"column":2},"end":{"line":18,"column":24}},"10":{"start":{"line":19,"column":2},"end":{"line":19,"column":12}},"11":{"start":{"line":21,"column":2},"end":{"line":21,"column":27}}},"fnMap":{"0":{"name":"savePromptsToFile","decl":{"start":{"line":1,"column":16},"end":{"line":1,"column":33}},"loc":{"start":{"line":1,"column":51},"end":{"line":22,"column":1}}},"1":{"name":"(anonymous_1)","decl":{"start":{"line":10,"column":9},"end":{"line":10,"column":10}},"loc":{"start":{"line":10,"column":19},"end":{"line":10,"column":50}}}},"branchMap":{},"s":{"0":3,"1":1,"2":1,"3":1,"4":2,"5":1,"6":1,"7":1,"8":1,"9":1,"10":1,"11":1},"f":{"0":1,"1":2},"b":{}}
,"C:\\Users\\mari0\\flashcard-app\\src\\hooks\\useLocalStorage.ts": {"path":"C:\\Users\\mari0\\flashcard-app\\src\\hooks\\useLocalStorage.ts","statementMap":{"0":{"start":{"line":3,"column":0},"end":{"line":3,"column":16}},"1":{"start":{"line":1,"column":0},"end":{"line":1,"column":44}},"2":{"start":{"line":4,"column":28},"end":{"line":12,"column":4}},"3":{"start":{"line":5,"column":4},"end":{"line":5,"column":59}},"4":{"start":{"line":5,"column":39},"end":{"line":5,"column":59}},"5":{"start":{"line":6,"column":4},"end":{"line":11,"column":5}},"6":{"start":{"line":7,"column":21},"end":{"line":7,"column":53}},"7":{"start":{"line":8,"column":6},"end":{"line":8,"column":63}},"8":{"start":{"line":10,"column":6},"end":{"line":10,"column":26}},"9":{"start":{"line":14,"column":2},"end":{"line":21,"column":19}},"10":{"start":{"line":15,"column":4},"end":{"line":15,"column":46}},"11":{"start":{"line":15,"column":39},"end":{"line":15,"column":46}},"12":{"start":{"line":16,"column":4},"end":{"line":20,"column":5}},"13":{"start":{"line":17,"column":6},"end":{"line":17,"column":62}},"14":{"start":{"line":19,"column":6},"end":{"line":19,"column":64}},"15":{"start":{"line":23,"column":2},"end":{"line":23,"column":36}}},"fnMap":{"0":{"name":"useLocalStorage","decl":{"start":{"line":3,"column":16},"end":{"line":3,"column":31}},"loc":{"start":{"line":3,"column":63},"end":{"line":24,"column":1}}},"1":{"name":"(anonymous_1)","decl":{"start":{"line":4,"column":40},"end":{"line":4,"column":43}},"loc":{"start":{"line":4,"column":45},"end":{"line":12,"column":3}}},"2":{"name":"(anonymous_2)","decl":{"start":{"line":14,"column":12},"end":{"line":14,"column":15}},"loc":{"start":{"line":14,"column":17},"end":{"line":21,"column":3}}}},"branchMap":{"0":{"loc":{"start":{"line":5,"column":4},"end":{"line":5,"column":59}},"type":"if","locations":[{"start":{"line":5,"column":4},"end":{"line":5,"column":59}},{"start":{},"end":{}}]},"1":{"loc":{"start":{"line":8,"column":13},"end":{"line":8,"column":62}},"type":"cond-expr","locations":[{"start":{"line":8,"column":23},"end":{"line":8,"column":47}},{"start":{"line":8,"column":50},"end":{"line":8,"column":62}}]},"2":{"loc":{"start":{"line":15,"column":4},"end":{"line":15,"column":46}},"type":"if","locations":[{"start":{"line":15,"column":4},"end":{"line":15,"column":46}},{"start":{},"end":{}}]}},"s":{"0":2,"1":2,"2":53,"3":28,"4":0,"5":28,"6":28,"7":28,"8":1,"9":53,"10":29,"11":0,"12":29,"13":29,"14":0,"15":53},"f":{"0":53,"1":28,"2":29},"b":{"0":[0,28],"1":[20,8],"2":[0,29]}}
,"C:\\Users\\mari0\\flashcard-app\\src\\reducers\\cardReducer.ts": {"path":"C:\\Users\\mari0\\flashcard-app\\src\\reducers\\cardReducer.ts","statementMap":{"0":{"start":{"line":26,"column":0},"end":{"line":26,"column":16}},"1":{"start":{"line":19,"column":32},"end":{"line":24,"column":2}},"2":{"start":{"line":19,"column":64},"end":{"line":24,"column":2}},"3":{"start":{"line":19,"column":13},"end":{"line":19,"column":32}},"4":{"start":{"line":27,"column":2},"end":{"line":81,"column":3}},"5":{"start":{"line":29,"column":6},"end":{"line":35,"column":8}},"6":{"start":{"line":33,"column":47},"end":{"line":33,"column":77}},"7":{"start":{"line":38,"column":6},"end":{"line":43,"column":8}},"8":{"start":{"line":41,"column":10},"end":{"line":41,"column":37}},"9":{"start":{"line":46,"column":6},"end":{"line":50,"column":8}},"10":{"start":{"line":53,"column":6},"end":{"line":57,"column":8}},"11":{"start":{"line":60,"column":6},"end":{"line":60,"column":42}},"12":{"start":{"line":60,"column":29},"end":{"line":60,"column":42}},"13":{"start":{"line":61,"column":6},"end":{"line":64,"column":8}},"14":{"start":{"line":67,"column":6},"end":{"line":71,"column":8}},"15":{"start":{"line":74,"column":6},"end":{"line":77,"column":8}},"16":{"start":{"line":80,"column":6},"end":{"line":80,"column":19}}},"fnMap":{"0":{"name":"(anonymous_0)","decl":{"start":{"line":19,"column":32},"end":{"line":19,"column":33}},"loc":{"start":{"line":19,"column":64},"end":{"line":24,"column":2}}},"1":{"name":"cardReducer","decl":{"start":{"line":26,"column":16},"end":{"line":26,"column":27}},"loc":{"start":{"line":26,"column":64},"end":{"line":82,"column":1}}},"2":{"name":"(anonymous_2)","decl":{"start":{"line":33,"column":36},"end":{"line":33,"column":37}},"loc":{"start":{"line":33,"column":47},"end":{"line":33,"column":77}}},"3":{"name":"(anonymous_3)","decl":{"start":{"line":40,"column":47},"end":{"line":40,"column":48}},"loc":{"start":{"line":41,"column":10},"end":{"line":41,"column":37}}}},"branchMap":{"0":{"loc":{"start":{"line":27,"column":2},"end":{"line":81,"column":3}},"type":"switch","locations":[{"start":{"line":28,"column":4},"end":{"line":35,"column":8}},{"start":{"line":37,"column":4},"end":{"line":43,"column":8}},{"start":{"line":45,"column":4},"end":{"line":50,"column":8}},{"start":{"line":52,"column":4},"end":{"line":57,"column":8}},{"start":{"line":59,"column":4},"end":{"line":64,"column":8}},{"start":{"line":66,"column":4},"end":{"line":71,"column":8}},{"start":{"line":73,"column":4},"end":{"line":77,"column":8}},{"start":{"line":79,"column":4},"end":{"line":80,"column":19}}]},"1":{"loc":{"start":{"line":32,"column":23},"end":{"line":34,"column":31}},"type":"cond-expr","locations":[{"start":{"line":33,"column":12},"end":{"line":33,"column":79}},{"start":{"line":34,"column":12},"end":{"line":34,"column":31}}]},"2":{"loc":{"start":{"line":33,"column":47},"end":{"line":33,"column":77}},"type":"cond-expr","locations":[{"start":{"line":33,"column":68},"end":{"line":33,"column":73}},{"start":{"line":33,"column":76},"end":{"line":33,"column":77}}]},"3":{"loc":{"start":{"line":41,"column":10},"end":{"line":41,"column":37}},"type":"cond-expr","locations":[{"start":{"line":41,"column":31},"end":{"line":41,"column":33}},{"start":{"line":41,"column":36},"end":{"line":41,"column":37}}]},"4":{"loc":{"start":{"line":60,"column":6},"end":{"line":60,"column":42}},"type":"if","locations":[{"start":{"line":60,"column":6},"end":{"line":60,"column":42}},{"start":{},"end":{}}]}},"s":{"0":2,"1":2,"2":18,"3":2,"4":16,"5":2,"6":3,"7":1,"8":3,"9":4,"10":1,"11":1,"12":0,"13":1,"14":1,"15":5,"16":1},"f":{"0":18,"1":16,"2":3,"3":3},"b":{"0":[2,1,4,1,1,1,5,1],"1":[1,1],"2":[1,2],"3":[1,2],"4":[0,1]}}
,"C:\\Users\\mari0\\flashcard-app\\src\\test\\DevPanel.tsx": {"path":"C:\\Users\\mari0\\flashcard-app\\src\\test\\DevPanel.tsx","statementMap":{"0":{"start":{"line":14,"column":0},"end":{"line":14,"column":24}},"1":{"start":{"line":2,"column":0},"end":{"line":2,"column":26}},"2":{"start":{"line":3,"column":0},"end":{"line":3,"column":43}},"3":{"start":{"line":15,"column":15},"end":{"line":22,"column":3}},"4":{"start":{"line":16,"column":43},"end":{"line":16,"column":58}},"5":{"start":{"line":17,"column":4},"end":{"line":17,"column":20}},"6":{"start":{"line":18,"column":4},"end":{"line":18,"column":34}},"7":{"start":{"line":19,"column":4},"end":{"line":19,"column":20}},"8":{"start":{"line":20,"column":4},"end":{"line":20,"column":88}},"9":{"start":{"line":21,"column":4},"end":{"line":21,"column":40}},"10":{"start":{"line":24,"column":19},"end":{"line":38,"column":3}},"11":{"start":{"line":25,"column":4},"end":{"line":25,"column":26}},"12":{"start":{"line":26,"column":4},"end":{"line":26,"column":31}},"13":{"start":{"line":27,"column":4},"end":{"line":29,"column":7}},"14":{"start":{"line":30,"column":4},"end":{"line":30,"column":41}},"15":{"start":{"line":31,"column":4},"end":{"line":31,"column":52}},"16":{"start":{"line":32,"column":4},"end":{"line":32,"column":63}},"17":{"start":{"line":33,"column":4},"end":{"line":35,"column":8}},"18":{"start":{"line":36,"column":4},"end":{"line":36,"column":48}},"19":{"start":{"line":37,"column":4},"end":{"line":37,"column":27}},"20":{"start":{"line":40,"column":2},"end":{"line":62,"column":4}},"21":{"start":{"line":50,"column":104},"end":{"line":50,"column":120}},"22":{"start":{"line":53,"column":104},"end":{"line":53,"column":121}},"23":{"start":{"line":56,"column":104},"end":{"line":56,"column":119}}},"fnMap":{"0":{"name":"DevPanel","decl":{"start":{"line":14,"column":24},"end":{"line":14,"column":32}},"loc":{"start":{"line":14,"column":97},"end":{"line":63,"column":1}}},"1":{"name":"(anonymous_2)","decl":{"start":{"line":15,"column":15},"end":{"line":15,"column":18}},"loc":{"start":{"line":15,"column":20},"end":{"line":22,"column":3}}},"2":{"name":"(anonymous_3)","decl":{"start":{"line":24,"column":19},"end":{"line":24,"column":22}},"loc":{"start":{"line":24,"column":24},"end":{"line":38,"column":3}}},"3":{"name":"(anonymous_4)","decl":{"start":{"line":50,"column":98},"end":{"line":50,"column":101}},"loc":{"start":{"line":50,"column":104},"end":{"line":50,"column":120}}},"4":{"name":"(anonymous_5)","decl":{"start":{"line":53,"column":98},"end":{"line":53,"column":101}},"loc":{"start":{"line":53,"column":104},"end":{"line":53,"column":121}}},"5":{"name":"(anonymous_6)","decl":{"start":{"line":56,"column":98},"end":{"line":56,"column":101}},"loc":{"start":{"line":56,"column":104},"end":{"line":56,"column":119}}}},"branchMap":{},"s":{"0":1,"1":1,"2":1,"3":4,"4":1,"5":1,"6":1,"7":1,"8":1,"9":1,"10":4,"11":1,"12":1,"13":1,"14":1,"15":1,"16":1,"17":1,"18":1,"19":1,"20":4,"21":1,"22":1,"23":1},"f":{"0":4,"1":1,"2":1,"3":1,"4":1,"5":1},"b":{}}
,"C:\\Users\\mari0\\flashcard-app\\src\\test\\TestData.ts": {"path":"C:\\Users\\mari0\\flashcard-app\\src\\test\\TestData.ts","statementMap":{"0":{"start":{"line":4,"column":0},"end":{"line":4,"column":16}},"1":{"start":{"line":16,"column":0},"end":{"line":16,"column":16}},"2":{"start":{"line":5,"column":2},"end":{"line":13,"column":4}},"3":{"start":{"line":17,"column":2},"end":{"line":27,"column":4}}},"fnMap":{"0":{"name":"makeCards","decl":{"start":{"line":4,"column":16},"end":{"line":4,"column":25}},"loc":{"start":{"line":4,"column":40},"end":{"line":14,"column":1}}},"1":{"name":"makeMultiDeck","decl":{"start":{"line":16,"column":16},"end":{"line":16,"column":29}},"loc":{"start":{"line":16,"column":29},"end":{"line":28,"column":1}}}},"branchMap":{},"s":{"0":1,"1":1,"2":1,"3":1},"f":{"0":1,"1":1},"b":{}}
,"C:\\Users\\mari0\\flashcard-app\\src\\utils\\cardUtils.ts": {"path":"C:\\Users\\mari0\\flashcard-app\\src\\utils\\cardUtils.ts","statementMap":{"0":{"start":{"line":7,"column":0},"end":{"line":7,"column":16}},"1":{"start":{"line":60,"column":0},"end":{"line":60,"column":16}},"2":{"start":{"line":8,"column":2},"end":{"line":8,"column":30}},"3":{"start":{"line":8,"column":20},"end":{"line":8,"column":30}},"4":{"start":{"line":10,"column":2},"end":{"line":53,"column":3}},"5":{"start":{"line":11,"column":23},"end":{"line":11,"column":71}},"6":{"start":{"line":12,"column":22},"end":{"line":12,"column":44}},"7":{"start":{"line":14,"column":26},"end":{"line":18,"column":12}},"8":{"start":{"line":20,"column":31},"end":{"line":30,"column":9}},"9":{"start":{"line":21,"column":19},"end":{"line":21,"column":44}},"10":{"start":{"line":22,"column":17},"end":{"line":30,"column":8}},"11":{"start":{"line":33,"column":42},"end":{"line":33,"column":44}},"12":{"start":{"line":34,"column":33},"end":{"line":34,"column":35}},"13":{"start":{"line":35,"column":4},"end":{"line":40,"column":7}},"14":{"start":{"line":36,"column":6},"end":{"line":39,"column":7}},"15":{"start":{"line":37,"column":8},"end":{"line":38,"column":39}},"16":{"start":{"line":37,"column":32},"end":{"line":37,"column":62}},"17":{"start":{"line":38,"column":13},"end":{"line":38,"column":39}},"18":{"start":{"line":42,"column":4},"end":{"line":46,"column":5}},"19":{"start":{"line":43,"column":6},"end":{"line":45,"column":8}},"20":{"start":{"line":48,"column":4},"end":{"line":48,"column":17}},"21":{"start":{"line":50,"column":4},"end":{"line":50,"column":40}},"22":{"start":{"line":51,"column":4},"end":{"line":51,"column":23}},"23":{"start":{"line":52,"column":4},"end":{"line":52,"column":14}},"24":{"start":{"line":61,"column":2},"end":{"line":61,"column":47}},"25":{"start":{"line":61,"column":21},"end":{"line":61,"column":47}},"26":{"start":{"line":63,"column":19},"end":{"line":63,"column":79}},"27":{"start":{"line":64,"column":15},"end":{"line":64,"column":87}},"28":{"start":{"line":65,"column":14},"end":{"line":65,"column":39}},"29":{"start":{"line":66,"column":12},"end":{"line":66,"column":39}},"30":{"start":{"line":67,"column":2},"end":{"line":67,"column":15}},"31":{"start":{"line":68,"column":2},"end":{"line":68,"column":24}},"32":{"start":{"line":69,"column":2},"end":{"line":69,"column":12}},"33":{"start":{"line":70,"column":2},"end":{"line":70,"column":27}}},"fnMap":{"0":{"name":"parseFlashcards","decl":{"start":{"line":7,"column":16},"end":{"line":7,"column":31}},"loc":{"start":{"line":7,"column":67},"end":{"line":54,"column":1}}},"1":{"name":"(anonymous_1)","decl":{"start":{"line":21,"column":14},"end":{"line":21,"column":15}},"loc":{"start":{"line":21,"column":19},"end":{"line":21,"column":44}}},"2":{"name":"(anonymous_2)","decl":{"start":{"line":22,"column":11},"end":{"line":22,"column":12}},"loc":{"start":{"line":22,"column":17},"end":{"line":30,"column":8}}},"3":{"name":"(anonymous_3)","decl":{"start":{"line":35,"column":18},"end":{"line":35,"column":19}},"loc":{"start":{"line":35,"column":22},"end":{"line":40,"column":5}}},"4":{"name":"exportFlashcards","decl":{"start":{"line":60,"column":16},"end":{"line":60,"column":32}},"loc":{"start":{"line":60,"column":70},"end":{"line":71,"column":1}}}},"branchMap":{"0":{"loc":{"start":{"line":8,"column":2},"end":{"line":8,"column":30}},"type":"if","locations":[{"start":{"line":8,"column":2},"end":{"line":8,"column":30}},{"start":{},"end":{}}]},"1":{"loc":{"start":{"line":14,"column":26},"end":{"line":18,"column":12}},"type":"cond-expr","locations":[{"start":{"line":15,"column":8},"end":{"line":15,"column":17}},{"start":{"line":16,"column":8},"end":{"line":18,"column":12}}]},"2":{"loc":{"start":{"line":16,"column":8},"end":{"line":18,"column":12}},"type":"cond-expr","locations":[{"start":{"line":17,"column":10},"end":{"line":17,"column":25}},{"start":{"line":18,"column":10},"end":{"line":18,"column":12}}]},"3":{"loc":{"start":{"line":21,"column":19},"end":{"line":21,"column":44}},"type":"binary-expr","locations":[{"start":{"line":21,"column":19},"end":{"line":21,"column":31}},{"start":{"line":21,"column":35},"end":{"line":21,"column":44}}]},"4":{"loc":{"start":{"line":23,"column":20},"end":{"line":23,"column":38}},"type":"binary-expr","locations":[{"start":{"line":23,"column":20},"end":{"line":23,"column":32}},{"start":{"line":23,"column":36},"end":{"line":23,"column":38}}]},"5":{"loc":{"start":{"line":24,"column":17},"end":{"line":24,"column":32}},"type":"binary-expr","locations":[{"start":{"line":24,"column":17},"end":{"line":24,"column":26}},{"start":{"line":24,"column":30},"end":{"line":24,"column":32}}]},"6":{"loc":{"start":{"line":25,"column":16},"end":{"line":25,"column":41}},"type":"binary-expr","locations":[{"start":{"line":25,"column":16},"end":{"line":25,"column":24}},{"start":{"line":25,"column":28},"end":{"line":25,"column":41}}]},"7":{"loc":{"start":{"line":26,"column":24},"end":{"line":26,"column":46}},"type":"binary-expr","locations":[{"start":{"line":26,"column":24},"end":{"line":26,"column":40}},{"start":{"line":26,"column":44},"end":{"line":26,"column":46}}]},"8":{"loc":{"start":{"line":27,"column":17},"end":{"line":27,"column":32}},"type":"binary-expr","locations":[{"start":{"line":27,"column":17},"end":{"line":27,"column":26}},{"start":{"line":27,"column":30},"end":{"line":27,"column":32}}]},"9":{"loc":{"start":{"line":28,"column":21},"end":{"line":28,"column":40}},"type":"binary-expr","locations":[{"start":{"line":28,"column":21},"end":{"line":28,"column":34}},{"start":{"line":28,"column":38},"end":{"line":28,"column":40}}]},"10":{"loc":{"start":{"line":29,"column":18},"end":{"line":29,"column":70}},"type":"cond-expr","locations":[{"start":{"line":29,"column":46},"end":{"line":29,"column":56}},{"start":{"line":29,"column":59},"end":{"line":29,"column":70}}]},"11":{"loc":{"start":{"line":36,"column":6},"end":{"line":39,"column":7}},"type":"if","locations":[{"start":{"line":36,"column":6},"end":{"line":39,"column":7}},{"start":{},"end":{}}]},"12":{"loc":{"start":{"line":37,"column":8},"end":{"line":38,"column":39}},"type":"if","locations":[{"start":{"line":37,"column":8},"end":{"line":38,"column":39}},{"start":{"line":38,"column":13},"end":{"line":38,"column":39}}]},"13":{"loc":{"start":{"line":42,"column":4},"end":{"line":46,"column":5}},"type":"if","locations":[{"start":{"line":42,"column":4},"end":{"line":46,"column":5}},{"start":{},"end":{}}]},"14":{"loc":{"start":{"line":61,"column":2},"end":{"line":61,"column":47}},"type":"if","locations":[{"start":{"line":61,"column":2},"end":{"line":61,"column":47}},{"start":{},"end":{}}]},"15":{"loc":{"start":{"line":63,"column":19},"end":{"line":63,"column":79}},"type":"cond-expr","locations":[{"start":{"line":63,"column":30},"end":{"line":63,"column":54}},{"start":{"line":63,"column":57},"end":{"line":63,"column":79}}]}},"s":{"0":2,"1":2,"2":4,"3":1,"4":3,"5":3,"6":3,"7":2,"8":2,"9":4,"10":4,"11":2,"12":2,"13":2,"14":4,"15":3,"16":1,"17":2,"18":2,"19":1,"20":2,"21":1,"22":1,"23":1,"24":2,"25":1,"26":1,"27":1,"28":1,"29":1,"30":1,"31":1,"32":1,"33":1},"f":{"0":4,"1":4,"2":4,"3":4,"4":2},"b":{"0":[1,3],"1":[2,0],"2":[0,0],"3":[4,4],"4":[4,0],"5":[4,0],"6":[4,3],"7":[4,4],"8":[4,4],"9":[4,4],"10":[1,3],"11":[3,1],"12":[1,2],"13":[1,1],"14":[1,1],"15":[1,0]}}
}
