TN:
SF:src\App.tsx
FN:11,App
FN:22,(anonymous_2)
FN:26,(anonymous_3)
FN:27,(anonymous_4)
FN:30,(anonymous_5)
FN:34,(anonymous_6)
FN:37,(anonymous_7)
FN:41,(anonymous_8)
FN:46,(anonymous_9)
FN:50,(anonymous_10)
FN:65,(anonymous_11)
FN:65,(anonymous_12)
FN:66,(anonymous_13)
FN:68,(anonymous_14)
FN:68,(anonymous_15)
FN:69,(anonymous_16)
FN:69,(anonymous_17)
FN:70,(anonymous_18)
FN:70,(anonymous_19)
FN:72,(anonymous_20)
FN:73,(anonymous_21)
FN:73,(anonymous_22)
FN:80,(anonymous_23)
FN:91,(anonymous_24)
FN:104,(anonymous_25)
FN:110,(anonymous_26)
FN:111,(anonymous_27)
FNF:27
FNH:5
FNDA:8,App
FNDA:8,(anonymous_2)
FNDA:4,(anonymous_3)
FNDA:0,(anonymous_4)
FNDA:0,(anonymous_5)
FNDA:4,(anonymous_6)
FNDA:4,(anonymous_7)
FNDA:0,(anonymous_8)
FNDA:0,(anonymous_9)
FNDA:0,(anonymous_10)
FNDA:0,(anonymous_11)
FNDA:0,(anonymous_12)
FNDA:0,(anonymous_13)
FNDA:0,(anonymous_14)
FNDA:0,(anonymous_15)
FNDA:0,(anonymous_16)
FNDA:0,(anonymous_17)
FNDA:0,(anonymous_18)
FNDA:0,(anonymous_19)
FNDA:0,(anonymous_20)
FNDA:0,(anonymous_21)
FNDA:0,(anonymous_22)
FNDA:0,(anonymous_23)
FNDA:0,(anonymous_24)
FNDA:0,(anonymous_25)
FNDA:0,(anonymous_26)
FNDA:0,(anonymous_27)
DA:2,1
DA:3,1
DA:4,1
DA:5,1
DA:7,1
DA:8,1
DA:9,1
DA:12,8
DA:13,8
DA:14,8
DA:15,8
DA:18,8
DA:19,8
DA:21,8
DA:22,8
DA:25,8
DA:26,8
DA:27,4
DA:28,0
DA:29,0
DA:30,0
DA:33,4
DA:34,4
DA:37,8
DA:38,4
DA:41,8
DA:42,0
DA:43,0
DA:46,8
DA:47,0
DA:50,8
DA:51,0
DA:52,0
DA:53,0
DA:56,8
DA:65,0
DA:67,0
DA:68,0
DA:69,0
DA:70,0
DA:73,0
DA:80,0
DA:91,0
DA:104,0
DA:111,0
DA:125,1
LF:46
LH:27
BRDA:28,0,0,0
BRDA:28,0,1,0
BRDA:28,1,0,0
BRDA:28,1,1,0
BRDA:42,2,0,0
BRDA:42,2,1,0
BRDA:52,3,0,0
BRDA:52,3,1,0
BRDA:59,4,0,8
BRDA:59,4,1,8
BRDA:67,5,0,0
BRDA:67,5,1,0
BRDA:70,6,0,0
BRDA:70,6,1,0
BRDA:70,7,0,0
BRDA:70,7,1,0
BRDA:73,8,0,0
BRDA:73,8,1,0
BRDA:84,9,0,8
BRDA:84,9,1,0
BRDA:96,10,0,8
BRDA:96,10,1,0
BRDA:99,11,0,8
BRDA:99,11,1,0
BRF:24
BRH:5
end_of_record
TN:
SF:src\components\CardList.tsx
FN:17,CardList
FN:31,(anonymous_1)
FN:35,(anonymous_2)
FN:44,(anonymous_3)
FN:47,(anonymous_4)
FN:52,(anonymous_5)
FN:59,(anonymous_6)
FN:65,(anonymous_7)
FN:82,(anonymous_8)
FN:88,(anonymous_9)
FNF:10
FNH:9
FNDA:8,CardList
FNDA:16,(anonymous_1)
FNDA:1,(anonymous_2)
FNDA:0,(anonymous_3)
FNDA:18,(anonymous_4)
FNDA:1,(anonymous_5)
FNDA:1,(anonymous_6)
FNDA:1,(anonymous_7)
FNDA:1,(anonymous_8)
FNDA:1,(anonymous_9)
DA:17,3
DA:29,8
DA:32,16
DA:35,1
DA:44,0
DA:48,18
DA:52,1
DA:59,1
DA:65,1
DA:82,1
DA:88,1
LF:11
LH:10
BRDA:41,0,0,16
BRDA:41,0,1,5
BRDA:43,1,0,3
BRDA:43,1,1,2
BRDA:43,2,0,5
BRDA:43,2,1,3
BRDA:51,3,0,18
BRDA:51,3,1,0
BRDA:75,4,0,2
BRDA:75,4,1,2
BRDA:76,5,0,2
BRDA:76,5,1,0
BRF:12
BRH:10
end_of_record
TN:
SF:src\components\CardSingle.tsx
FN:14,CardSingle
FNF:1
FNH:1
FNDA:6,CardSingle
DA:14,3
DA:23,6
LF:2
LH:2
BRDA:30,0,0,5
BRDA:30,0,1,1
BRDA:39,1,0,1
BRDA:39,1,1,1
BRDA:45,2,0,1
BRDA:45,2,1,0
BRF:6
BRH:5
end_of_record
TN:
SF:src\components\CardsView.tsx
FN:24,(anonymous_10)
FN:36,(anonymous_11)
FN:42,(anonymous_12)
FN:44,(anonymous_13)
FN:51,(anonymous_14)
FN:58,(anonymous_15)
FN:59,(anonymous_16)
FN:60,(anonymous_17)
FN:60,(anonymous_18)
FN:63,(anonymous_19)
FN:65,(anonymous_20)
FN:65,(anonymous_21)
FN:69,(anonymous_22)
FN:75,(anonymous_23)
FN:97,(anonymous_24)
FN:140,(anonymous_25)
FN:141,(anonymous_26)
FNF:17
FNH:4
FNDA:4,(anonymous_10)
FNDA:4,(anonymous_11)
FNDA:0,(anonymous_12)
FNDA:0,(anonymous_13)
FNDA:0,(anonymous_14)
FNDA:0,(anonymous_15)
FNDA:0,(anonymous_16)
FNDA:0,(anonymous_17)
FNDA:0,(anonymous_18)
FNDA:0,(anonymous_19)
FNDA:0,(anonymous_20)
FNDA:0,(anonymous_21)
FNDA:0,(anonymous_22)
FNDA:1,(anonymous_23)
FNDA:1,(anonymous_24)
FNDA:0,(anonymous_25)
FNDA:0,(anonymous_26)
DA:2,2
DA:4,2
DA:5,2
DA:24,2
DA:33,4
DA:34,4
DA:36,4
DA:37,4
DA:40,4
DA:42,3
DA:44,3
DA:45,0
DA:51,3
DA:52,0
DA:58,3
DA:59,3
DA:60,0
DA:61,0
DA:63,3
DA:64,0
DA:65,0
DA:66,0
DA:69,3
DA:70,0
DA:71,0
DA:75,3
DA:76,1
DA:77,1
DA:80,3
DA:82,3
DA:97,1
DA:140,0
DA:141,0
DA:153,2
LF:34
LH:23
BRDA:37,0,0,1
BRDA:37,0,1,3
BRDA:40,1,0,1
BRDA:40,1,1,3
BRDA:47,2,0,0
BRDA:47,2,1,0
BRDA:54,3,0,0
BRDA:54,3,1,0
BRDA:60,4,0,0
BRDA:60,4,1,0
BRDA:64,5,0,0
BRDA:64,5,1,0
BRDA:70,6,0,0
BRDA:70,6,1,0
BRDA:80,7,0,3
BRDA:80,7,1,0
BRDA:107,8,0,3
BRDA:107,8,1,2
BRDA:107,8,2,2
BRDA:133,9,0,3
BRDA:133,9,1,1
BRF:21
BRH:10
end_of_record
TN:
SF:src\components\DeckManager.tsx
FN:14,DeckManager
FN:26,(anonymous_1)
FN:26,(anonymous_2)
FN:34,(anonymous_3)
FN:37,(anonymous_4)
FN:45,(anonymous_5)
FN:52,(anonymous_6)
FN:53,(anonymous_7)
FN:67,(anonymous_8)
FN:79,(anonymous_9)
FN:88,(anonymous_10)
FN:100,(anonymous_11)
FNF:12
FNH:12
FNDA:27,DeckManager
FNDA:68,(anonymous_1)
FNDA:88,(anonymous_2)
FNDA:1,(anonymous_3)
FNDA:36,(anonymous_4)
FNDA:36,(anonymous_5)
FNDA:1,(anonymous_6)
FNDA:2,(anonymous_7)
FNDA:1,(anonymous_8)
FNDA:3,(anonymous_9)
FNDA:1,(anonymous_10)
FNDA:2,(anonymous_11)
DA:1,3
DA:14,3
DA:23,27
DA:24,27
DA:26,88
DA:28,27
DA:34,1
DA:38,36
DA:46,36
DA:52,1
DA:54,2
DA:55,1
DA:56,1
DA:57,1
DA:59,1
DA:60,1
DA:67,1
DA:80,3
DA:81,3
DA:89,1
DA:101,2
DA:102,2
LF:22
LH:22
BRDA:33,0,0,27
BRDA:33,0,1,2
BRDA:33,0,2,2
BRDA:47,1,0,4
BRDA:47,1,1,32
BRDA:54,2,0,1
BRDA:54,2,1,1
BRDA:55,3,0,1
BRDA:55,3,1,0
BRDA:59,4,0,1
BRDA:59,4,1,0
BRDA:89,5,0,1
BRDA:89,5,1,0
BRDA:101,6,0,2
BRDA:101,6,1,1
BRDA:102,7,0,1
BRDA:102,7,1,1
BRF:17
BRH:14
end_of_record
TN:
SF:src\components\MenuView.tsx
FN:22,(anonymous_1)
FN:63,(anonymous_2)
FNF:2
FNH:2
FNDA:11,(anonymous_1)
FNDA:1,(anonymous_2)
DA:2,2
DA:3,2
DA:22,2
DA:37,11
DA:63,1
DA:102,2
LF:6
LH:6
BRF:0
BRH:0
end_of_record
TN:
SF:src\components\PromptBlock.tsx
FN:7,PromptBlock
FN:23,(anonymous_1)
FNF:2
FNH:2
FNDA:16,PromptBlock
FNDA:1,(anonymous_1)
DA:7,3
DA:8,16
DA:23,1
LF:3
LH:3
BRDA:21,0,0,2
BRDA:21,0,1,14
BRDA:23,1,0,1
BRDA:23,1,1,1
BRDA:32,2,0,2
BRDA:32,2,1,14
BRF:6
BRH:6
end_of_record
TN:
SF:src\components\PromptView.tsx
FN:6,sliceSentencesWithOffsets
FN:29,splitBySentenceAndWordCount
FN:50,sanitizeMarkers
FN:51,(anonymous_4)
FN:52,(anonymous_5)
FN:57,caretRangeFromPointSafe
FN:84,PromptView
FN:89,(anonymous_8)
FN:91,(anonymous_9)
FN:95,(anonymous_10)
FN:106,(anonymous_11)
FN:126,(anonymous_12)
FN:171,(anonymous_13)
FN:180,(anonymous_14)
FN:184,(anonymous_15)
FN:208,(anonymous_16)
FN:210,(anonymous_17)
FN:226,(anonymous_18)
FN:247,(anonymous_19)
FN:256,(anonymous_20)
FN:269,(anonymous_21)
FNF:21
FNH:13
FNDA:7,sliceSentencesWithOffsets
FNDA:7,splitBySentenceAndWordCount
FNDA:7,sanitizeMarkers
FNDA:0,(anonymous_4)
FNDA:0,(anonymous_5)
FNDA:0,caretRangeFromPointSafe
FNDA:25,PromptView
FNDA:7,(anonymous_8)
FNDA:25,(anonymous_9)
FNDA:0,(anonymous_10)
FNDA:0,(anonymous_11)
FNDA:0,(anonymous_12)
FNDA:37,(anonymous_13)
FNDA:0,(anonymous_14)
FNDA:12,(anonymous_15)
FNDA:1,(anonymous_16)
FNDA:1,(anonymous_17)
FNDA:8,(anonymous_18)
FNDA:0,(anonymous_19)
FNDA:11,(anonymous_20)
FNDA:1,(anonymous_21)
DA:1,2
DA:2,2
DA:3,2
DA:7,7
DA:8,7
DA:10,7
DA:12,7
DA:13,7
DA:14,7
DA:15,7
DA:16,7
DA:17,7
DA:18,7
DA:20,7
DA:21,2
DA:22,2
DA:23,2
DA:25,7
DA:34,7
DA:35,7
DA:36,7
DA:37,7
DA:39,7
DA:40,9
DA:41,0
DA:42,0
DA:44,9
DA:45,9
DA:47,7
DA:51,7
DA:52,7
DA:53,7
DA:58,0
DA:66,0
DA:67,0
DA:69,0
DA:70,0
DA:71,0
DA:72,0
DA:73,0
DA:74,0
DA:75,0
DA:77,0
DA:84,2
DA:85,25
DA:86,25
DA:87,25
DA:89,25
DA:91,25
DA:92,25
DA:93,25
DA:95,25
DA:96,0
DA:101,0
DA:107,0
DA:108,0
DA:109,0
DA:115,0
DA:118,25
DA:123,25
DA:126,25
DA:127,0
DA:128,0
DA:130,0
DA:131,0
DA:133,0
DA:134,0
DA:135,0
DA:136,0
DA:137,0
DA:138,0
DA:139,0
DA:141,0
DA:142,0
DA:143,0
DA:144,0
DA:145,0
DA:146,0
DA:148,0
DA:150,0
DA:151,0
DA:152,0
DA:155,0
DA:156,0
DA:157,0
DA:159,0
DA:163,0
DA:167,0
DA:168,0
DA:171,25
DA:172,37
DA:173,0
DA:174,0
DA:175,0
DA:176,0
DA:177,0
DA:179,0
DA:180,0
DA:184,25
DA:208,25
DA:209,1
DA:210,1
DA:211,1
DA:213,1
DA:216,25
DA:227,8
DA:228,8
DA:247,0
DA:257,11
DA:269,1
LF:110
LH:55
BRDA:16,0,0,7
BRDA:16,0,1,0
BRDA:20,1,0,2
BRDA:20,1,1,5
BRDA:22,2,0,2
BRDA:22,2,1,2
BRDA:31,3,0,7
BRDA:32,4,0,7
BRDA:40,5,0,0
BRDA:40,5,1,9
BRDA:40,6,0,9
BRDA:40,6,1,1
BRDA:66,7,0,0
BRDA:66,7,1,0
BRDA:69,8,0,0
BRDA:69,8,1,0
BRDA:71,9,0,0
BRDA:71,9,1,0
BRDA:128,10,0,0
BRDA:128,10,1,0
BRDA:131,11,0,0
BRDA:131,11,1,0
BRDA:134,12,0,0
BRDA:134,12,1,0
BRDA:138,13,0,0
BRDA:138,13,1,0
BRDA:148,14,0,0
BRDA:148,14,1,0
BRDA:149,15,0,0
BRDA:149,15,1,0
BRDA:150,16,0,0
BRDA:150,16,1,0
BRDA:155,17,0,0
BRDA:155,17,1,0
BRDA:157,18,0,0
BRDA:157,18,1,0
BRDA:172,19,0,37
BRDA:172,19,1,0
BRDA:254,20,0,25
BRDA:254,20,1,11
BRF:40
BRH:13
end_of_record
TN:
SF:src\components\savePrompts.ts
FN:1,savePromptsToFile
FN:10,(anonymous_1)
FNF:2
FNH:2
FNDA:1,savePromptsToFile
FNDA:2,(anonymous_1)
DA:1,3
DA:2,1
DA:3,1
DA:9,1
DA:10,2
DA:13,1
DA:14,1
DA:16,1
DA:17,1
DA:18,1
DA:19,1
DA:21,1
LF:12
LH:12
BRF:0
BRH:0
end_of_record
TN:
SF:src\hooks\useLocalStorage.ts
FN:3,useLocalStorage
FN:4,(anonymous_1)
FN:14,(anonymous_2)
FNF:3
FNH:3
FNDA:53,useLocalStorage
FNDA:28,(anonymous_1)
FNDA:29,(anonymous_2)
DA:1,2
DA:3,2
DA:4,53
DA:5,28
DA:6,28
DA:7,28
DA:8,28
DA:10,1
DA:14,53
DA:15,29
DA:16,29
DA:17,29
DA:19,0
DA:23,53
LF:14
LH:13
BRDA:5,0,0,0
BRDA:5,0,1,28
BRDA:8,1,0,20
BRDA:8,1,1,8
BRDA:15,2,0,0
BRDA:15,2,1,29
BRF:6
BRH:4
end_of_record
TN:
SF:src\reducers\cardReducer.ts
FN:19,(anonymous_0)
FN:26,cardReducer
FN:33,(anonymous_2)
FN:40,(anonymous_3)
FNF:4
FNH:4
FNDA:18,(anonymous_0)
FNDA:16,cardReducer
FNDA:3,(anonymous_2)
FNDA:3,(anonymous_3)
DA:19,18
DA:26,2
DA:27,16
DA:29,2
DA:33,3
DA:38,1
DA:41,3
DA:46,4
DA:53,1
DA:60,1
DA:61,1
DA:67,1
DA:74,5
DA:80,1
LF:14
LH:14
BRDA:27,0,0,2
BRDA:27,0,1,1
BRDA:27,0,2,4
BRDA:27,0,3,1
BRDA:27,0,4,1
BRDA:27,0,5,1
BRDA:27,0,6,5
BRDA:27,0,7,1
BRDA:32,1,0,1
BRDA:32,1,1,1
BRDA:33,2,0,1
BRDA:33,2,1,2
BRDA:41,3,0,1
BRDA:41,3,1,2
BRDA:60,4,0,0
BRDA:60,4,1,1
BRF:16
BRH:15
end_of_record
TN:
SF:src\test\DevPanel.tsx
FN:14,DevPanel
FN:15,(anonymous_2)
FN:24,(anonymous_3)
FN:50,(anonymous_4)
FN:53,(anonymous_5)
FN:56,(anonymous_6)
FNF:6
FNH:6
FNDA:4,DevPanel
FNDA:1,(anonymous_2)
FNDA:1,(anonymous_3)
FNDA:1,(anonymous_4)
FNDA:1,(anonymous_5)
FNDA:1,(anonymous_6)
DA:2,1
DA:3,1
DA:14,1
DA:15,4
DA:16,1
DA:17,1
DA:18,1
DA:19,1
DA:20,1
DA:21,1
DA:24,4
DA:25,1
DA:26,1
DA:27,1
DA:30,1
DA:31,1
DA:32,1
DA:33,1
DA:36,1
DA:37,1
DA:40,4
DA:50,1
DA:53,1
DA:56,1
LF:24
LH:24
BRF:0
BRH:0
end_of_record
TN:
SF:src\test\TestData.ts
FN:4,makeCards
FN:16,makeMultiDeck
FNF:2
FNH:2
FNDA:1,makeCards
FNDA:1,makeMultiDeck
DA:4,1
DA:5,1
DA:16,1
DA:17,1
LF:4
LH:4
BRF:0
BRH:0
end_of_record
TN:
SF:src\utils\cardUtils.ts
FN:7,parseFlashcards
FN:21,(anonymous_1)
FN:22,(anonymous_2)
FN:35,(anonymous_3)
FN:60,exportFlashcards
FNF:5
FNH:5
FNDA:4,parseFlashcards
FNDA:4,(anonymous_1)
FNDA:4,(anonymous_2)
FNDA:4,(anonymous_3)
FNDA:2,exportFlashcards
DA:7,2
DA:8,4
DA:10,3
DA:11,3
DA:12,3
DA:14,2
DA:20,2
DA:21,4
DA:22,4
DA:33,2
DA:34,2
DA:35,2
DA:36,4
DA:37,3
DA:38,2
DA:42,2
DA:43,1
DA:48,2
DA:50,1
DA:51,1
DA:52,1
DA:60,2
DA:61,2
DA:63,1
DA:64,1
DA:65,1
DA:66,1
DA:67,1
DA:68,1
DA:69,1
DA:70,1
LF:31
LH:31
BRDA:8,0,0,1
BRDA:8,0,1,3
BRDA:14,1,0,2
BRDA:14,1,1,0
BRDA:16,2,0,0
BRDA:16,2,1,0
BRDA:21,3,0,4
BRDA:21,3,1,4
BRDA:23,4,0,4
BRDA:23,4,1,0
BRDA:24,5,0,4
BRDA:24,5,1,0
BRDA:25,6,0,4
BRDA:25,6,1,3
BRDA:26,7,0,4
BRDA:26,7,1,4
BRDA:27,8,0,4
BRDA:27,8,1,4
BRDA:28,9,0,4
BRDA:28,9,1,4
BRDA:29,10,0,1
BRDA:29,10,1,3
BRDA:36,11,0,3
BRDA:36,11,1,1
BRDA:37,12,0,1
BRDA:37,12,1,2
BRDA:42,13,0,1
BRDA:42,13,1,1
BRDA:61,14,0,1
BRDA:61,14,1,1
BRDA:63,15,0,1
BRDA:63,15,1,0
BRF:32
BRH:26
end_of_record
